2020/03/03 13:56:37 [error] 18923#18923: *1 FastCGI sent in stderr: "PHP message: Slim Application Error:
Type: UnexpectedValueException
Message: There is no existing directory at &quot;/data/log/apps/regionalCulture&quot; and its not buildable: Permission denied
File: /myp/regionalCulture/vendor/monolog/monolog/src/Monolog/Handler/StreamHandler.php
Line: 171
Trace: #0 /myp/regionalCulture/vendor/monolog/monolog/src/Monolog/Handler/StreamHandler.php(97): Monolog\Handler\StreamHandler->createDir()
#1 /myp/regionalCulture/vendor/monolog/monolog/src/Monolog/Handler/RotatingFileHandler.php(107): Monolog\Handler\StreamHandler->write(Array)
#2 /myp/regionalCulture/vendor/monolog/monolog/src/Monolog/Handler/AbstractProcessingHandler.php(37): Monolog\Handler\RotatingFileHandler->write(Array)
#3 /myp/regionalCulture/vendor/monolog/monolog/src/Monolog/Logger.php(337): Monolog\Handler\AbstractProcessingHandler->handle(Array)
#4 /myp/regionalCulture/vendor/monolog/monolog/src/Monolog/Logger.php(546): Monolog\Logger->addRecord(200, '[REQUEST] GET l...', Array)
#5 /myp/regionalCulture/v...
PHP message: PHP Notice:  Undefined index: request in /myp/regionalCulture/vendor/pocteam/poc-framework/src/PocFramework/Utils/Timer.php on line 30
PHP message: PHP Fatal error:  Uncaught UnexpectedValueException: There is no existing directory at "/data/log/apps/regionalCulture" and its not buildable: Permission denied in /myp/regionalCulture/vendor/monolog/monolog/src/Monolog/Handler/StreamHandler.php:171
Stack trace:
#0 /myp/regionalCulture/vendor/monolog/monolog/src/Monolog/Handler/StreamHandler.php(97): Monolog\Handler\StreamHandler->createDir()
#1 /myp/regionalCulture/vendor/monolog/monolog/src/Monolog/Handler/RotatingFileHandler.php(107): Monolog\Handler\StreamHandler->write(Array)
#2 /myp/regionalCulture/vendor/monolog/monolog/src/Monolog/Handler/AbstractProcessingHandler.php(37): Monolog\Handler\RotatingFileHandler->write(Array)
#3 /myp/regionalCulture/vendor/monolog/monolog/src/Monolog/Logger.php(337): Monolog\Handler\AbstractProc
2020/03/03 14:00:26 [error] 18923#18923: *4 FastCGI sent in stderr: "PHP message: Slim Application Error:
Type: UnexpectedValueException
Message: There is no existing directory at &quot;/data/log/apps/regionalCulture&quot; and its not buildable: Permission denied
File: /myp/regionalCulture/vendor/monolog/monolog/src/Monolog/Handler/StreamHandler.php
Line: 171
Trace: #0 /myp/regionalCulture/vendor/monolog/monolog/src/Monolog/Handler/StreamHandler.php(97): Monolog\Handler\StreamHandler->createDir()
#1 /myp/regionalCulture/vendor/monolog/monolog/src/Monolog/Handler/RotatingFileHandler.php(107): Monolog\Handler\StreamHandler->write(Array)
#2 /myp/regionalCulture/vendor/monolog/monolog/src/Monolog/Handler/AbstractProcessingHandler.php(37): Monolog\Handler\RotatingFileHandler->write(Array)
#3 /myp/regionalCulture/vendor/monolog/monolog/src/Monolog/Logger.php(337): Monolog\Handler\AbstractProcessingHandler->handle(Array)
#4 /myp/regionalCulture/vendor/monolog/monolog/src/Monolog/Logger.php(546): Monolog\Logger->addRecord(200, '[REQUEST] GET l...', Array)
#5 /myp/regionalCulture/v...
PHP message: PHP Notice:  Undefined index: request in /myp/regionalCulture/vendor/pocteam/poc-framework/src/PocFramework/Utils/Timer.php on line 30
PHP message: PHP Fatal error:  Uncaught UnexpectedValueException: There is no existing directory at "/data/log/apps/regionalCulture" and its not buildable: Permission denied in /myp/regionalCulture/vendor/monolog/monolog/src/Monolog/Handler/StreamHandler.php:171
Stack trace:
#0 /myp/regionalCulture/vendor/monolog/monolog/src/Monolog/Handler/StreamHandler.php(97): Monolog\Handler\StreamHandler->createDir()
#1 /myp/regionalCulture/vendor/monolog/monolog/src/Monolog/Handler/RotatingFileHandler.php(107): Monolog\Handler\StreamHandler->write(Array)
#2 /myp/regionalCulture/vendor/monolog/monolog/src/Monolog/Handler/AbstractProcessingHandler.php(37): Monolog\Handler\RotatingFileHandler->write(Array)
#3 /myp/regionalCulture/vendor/monolog/monolog/src/Monolog/Logger.php(337): Monolog\Handler\AbstractProc
2020/03/03 14:50:36 [error] 18923#18923: *7 FastCGI sent in stderr: "PHP message: Slim Application Error:
Type: UnexpectedValueException
Message: There is no existing directory at &quot;/data/log/apps/regionalCulture&quot; and its not buildable: Permission denied
File: /myp/regionalCulture/vendor/monolog/monolog/src/Monolog/Handler/StreamHandler.php
Line: 171
Trace: #0 /myp/regionalCulture/vendor/monolog/monolog/src/Monolog/Handler/StreamHandler.php(97): Monolog\Handler\StreamHandler->createDir()
#1 /myp/regionalCulture/vendor/monolog/monolog/src/Monolog/Handler/RotatingFileHandler.php(107): Monolog\Handler\StreamHandler->write(Array)
#2 /myp/regionalCulture/vendor/monolog/monolog/src/Monolog/Handler/AbstractProcessingHandler.php(37): Monolog\Handler\RotatingFileHandler->write(Array)
#3 /myp/regionalCulture/vendor/monolog/monolog/src/Monolog/Logger.php(337): Monolog\Handler\AbstractProcessingHandler->handle(Array)
#4 /myp/regionalCulture/vendor/monolog/monolog/src/Monolog/Logger.php(546): Monolog\Logger->addRecord(200, '[REQUEST] GET l...', Array)
#5 /myp/regionalCulture/v...
PHP message: PHP Notice:  Undefined index: request in /myp/regionalCulture/vendor/pocteam/poc-framework/src/PocFramework/Utils/Timer.php on line 30
PHP message: PHP Fatal error:  Uncaught UnexpectedValueException: There is no existing directory at "/data/log/apps/regionalCulture" and its not buildable: Permission denied in /myp/regionalCulture/vendor/monolog/monolog/src/Monolog/Handler/StreamHandler.php:171
Stack trace:
#0 /myp/regionalCulture/vendor/monolog/monolog/src/Monolog/Handler/StreamHandler.php(97): Monolog\Handler\StreamHandler->createDir()
#1 /myp/regionalCulture/vendor/monolog/monolog/src/Monolog/Handler/RotatingFileHandler.php(107): Monolog\Handler\StreamHandler->write(Array)
#2 /myp/regionalCulture/vendor/monolog/monolog/src/Monolog/Handler/AbstractProcessingHandler.php(37): Monolog\Handler\RotatingFileHandler->write(Array)
#3 /myp/regionalCulture/vendor/monolog/monolog/src/Monolog/Logger.php(337): Monolog\Handler\AbstractProc
2020/03/03 15:28:29 [error] 18923#18923: *10 FastCGI sent in stderr: "PHP message: Slim Application Error:
Type: UnexpectedValueException
Message: There is no existing directory at &quot;/data/log/apps/regionalCulture&quot; and its not buildable: Permission denied
File: /myp/regionalCulture/vendor/monolog/monolog/src/Monolog/Handler/StreamHandler.php
Line: 171
Trace: #0 /myp/regionalCulture/vendor/monolog/monolog/src/Monolog/Handler/StreamHandler.php(97): Monolog\Handler\StreamHandler->createDir()
#1 /myp/regionalCulture/vendor/monolog/monolog/src/Monolog/Handler/RotatingFileHandler.php(107): Monolog\Handler\StreamHandler->write(Array)
#2 /myp/regionalCulture/vendor/monolog/monolog/src/Monolog/Handler/AbstractProcessingHandler.php(37): Monolog\Handler\RotatingFileHandler->write(Array)
#3 /myp/regionalCulture/vendor/monolog/monolog/src/Monolog/Logger.php(337): Monolog\Handler\AbstractProcessingHandler->handle(Array)
#4 /myp/regionalCulture/vendor/monolog/monolog/src/Monolog/Logger.php(546): Monolog\Logger->addRecord(200, '[REQUEST] GET l...', Array)
#5 /myp/regionalCulture/v...
PHP message: PHP Notice:  Undefined index: request in /myp/regionalCulture/vendor/pocteam/poc-framework/src/PocFramework/Utils/Timer.php on line 30
PHP message: PHP Fatal error:  Uncaught UnexpectedValueException: There is no existing directory at "/data/log/apps/regionalCulture" and its not buildable: Permission denied in /myp/regionalCulture/vendor/monolog/monolog/src/Monolog/Handler/StreamHandler.php:171
Stack trace:
#0 /myp/regionalCulture/vendor/monolog/monolog/src/Monolog/Handler/StreamHandler.php(97): Monolog\Handler\StreamHandler->createDir()
#1 /myp/regionalCulture/vendor/monolog/monolog/src/Monolog/Handler/RotatingFileHandler.php(107): Monolog\Handler\StreamHandler->write(Array)
#2 /myp/regionalCulture/vendor/monolog/monolog/src/Monolog/Handler/AbstractProcessingHandler.php(37): Monolog\Handler\RotatingFileHandler->write(Array)
#3 /myp/regionalCulture/vendor/monolog/monolog/src/Monolog/Logger.php(337): Monolog\Handler\AbstractPro
2020/03/03 15:44:33 [error] 18923#18923: *12 FastCGI sent in stderr: "PHP message: Slim Application Error:
Type: UnexpectedValueException
Message: There is no existing directory at &quot;/data/log/apps/regionalCulture&quot; and its not buildable: Permission denied
File: /myp/regionalCulture/vendor/monolog/monolog/src/Monolog/Handler/StreamHandler.php
Line: 171
Trace: #0 /myp/regionalCulture/vendor/monolog/monolog/src/Monolog/Handler/StreamHandler.php(97): Monolog\Handler\StreamHandler->createDir()
#1 /myp/regionalCulture/vendor/monolog/monolog/src/Monolog/Handler/RotatingFileHandler.php(107): Monolog\Handler\StreamHandler->write(Array)
#2 /myp/regionalCulture/vendor/monolog/monolog/src/Monolog/Handler/AbstractProcessingHandler.php(37): Monolog\Handler\RotatingFileHandler->write(Array)
#3 /myp/regionalCulture/vendor/monolog/monolog/src/Monolog/Logger.php(337): Monolog\Handler\AbstractProcessingHandler->handle(Array)
#4 /myp/regionalCulture/vendor/monolog/monolog/src/Monolog/Logger.php(546): Monolog\Logger->addRecord(200, '[REQUEST] GET l...', Array)
#5 /myp/regionalCulture/v...
PHP message: PHP Notice:  Undefined index: request in /myp/regionalCulture/vendor/pocteam/poc-framework/src/PocFramework/Utils/Timer.php on line 30
PHP message: PHP Fatal error:  Uncaught UnexpectedValueException: There is no existing directory at "/data/log/apps/regionalCulture" and its not buildable: Permission denied in /myp/regionalCulture/vendor/monolog/monolog/src/Monolog/Handler/StreamHandler.php:171
Stack trace:
#0 /myp/regionalCulture/vendor/monolog/monolog/src/Monolog/Handler/StreamHandler.php(97): Monolog\Handler\StreamHandler->createDir()
#1 /myp/regionalCulture/vendor/monolog/monolog/src/Monolog/Handler/RotatingFileHandler.php(107): Monolog\Handler\StreamHandler->write(Array)
#2 /myp/regionalCulture/vendor/monolog/monolog/src/Monolog/Handler/AbstractProcessingHandler.php(37): Monolog\Handler\RotatingFileHandler->write(Array)
#3 /myp/regionalCulture/vendor/monolog/monolog/src/Monolog/Logger.php(337): Monolog\Handler\AbstractPro
2020/03/03 15:59:49 [error] 5751#5751: *1 FastCGI sent in stderr: "PHP message: Slim Application Error:
Type: UnexpectedValueException
Message: There is no existing directory at &quot;/data/log/apps/regionalCulture&quot; and its not buildable: Permission denied
File: /myp/regionalCulture/vendor/monolog/monolog/src/Monolog/Handler/StreamHandler.php
Line: 171
Trace: #0 /myp/regionalCulture/vendor/monolog/monolog/src/Monolog/Handler/StreamHandler.php(97): Monolog\Handler\StreamHandler->createDir()
#1 /myp/regionalCulture/vendor/monolog/monolog/src/Monolog/Handler/RotatingFileHandler.php(107): Monolog\Handler\StreamHandler->write(Array)
#2 /myp/regionalCulture/vendor/monolog/monolog/src/Monolog/Handler/AbstractProcessingHandler.php(37): Monolog\Handler\RotatingFileHandler->write(Array)
#3 /myp/regionalCulture/vendor/monolog/monolog/src/Monolog/Logger.php(337): Monolog\Handler\AbstractProcessingHandler->handle(Array)
#4 /myp/regionalCulture/vendor/monolog/monolog/src/Monolog/Logger.php(546): Monolog\Logger->addRecord(200, '[REQUEST] GET r...', Array)
#5 /myp/regionalCulture/v...
PHP message: PHP Notice:  Undefined index: request in /myp/regionalCulture/vendor/pocteam/poc-framework/src/PocFramework/Utils/Timer.php on line 30
PHP message: PHP Fatal error:  Uncaught UnexpectedValueException: There is no existing directory at "/data/log/apps/regionalCulture" and its not buildable: Permission denied in /myp/regionalCulture/vendor/monolog/monolog/src/Monolog/Handler/StreamHandler.php:171
Stack trace:
#0 /myp/regionalCulture/vendor/monolog/monolog/src/Monolog/Handler/StreamHandler.php(97): Monolog\Handler\StreamHandler->createDir()
#1 /myp/regionalCulture/vendor/monolog/monolog/src/Monolog/Handler/RotatingFileHandler.php(107): Monolog\Handler\StreamHandler->write(Array)
#2 /myp/regionalCulture/vendor/monolog/monolog/src/Monolog/Handler/AbstractProcessingHandler.php(37): Monolog\Handler\RotatingFileHandler->write(Array)
#3 /myp/regionalCulture/vendor/monolog/monolog/src/Monolog/Logger.php(337): Monolog\Handler\AbstractProces
2020/03/03 15:59:58 [error] 5751#5751: *3 FastCGI sent in stderr: "PHP message: Slim Application Error:
Type: UnexpectedValueException
Message: There is no existing directory at &quot;/data/log/apps/regionalCulture&quot; and its not buildable: Permission denied
File: /myp/regionalCulture/vendor/monolog/monolog/src/Monolog/Handler/StreamHandler.php
Line: 171
Trace: #0 /myp/regionalCulture/vendor/monolog/monolog/src/Monolog/Handler/StreamHandler.php(97): Monolog\Handler\StreamHandler->createDir()
#1 /myp/regionalCulture/vendor/monolog/monolog/src/Monolog/Handler/RotatingFileHandler.php(107): Monolog\Handler\StreamHandler->write(Array)
#2 /myp/regionalCulture/vendor/monolog/monolog/src/Monolog/Handler/AbstractProcessingHandler.php(37): Monolog\Handler\RotatingFileHandler->write(Array)
#3 /myp/regionalCulture/vendor/monolog/monolog/src/Monolog/Logger.php(337): Monolog\Handler\AbstractProcessingHandler->handle(Array)
#4 /myp/regionalCulture/vendor/monolog/monolog/src/Monolog/Logger.php(546): Monolog\Logger->addRecord(200, '[REQUEST] GET r...', Array)
#5 /myp/regionalCulture/v...
PHP message: PHP Notice:  Undefined index: request in /myp/regionalCulture/vendor/pocteam/poc-framework/src/PocFramework/Utils/Timer.php on line 30
PHP message: PHP Fatal error:  Uncaught UnexpectedValueException: There is no existing directory at "/data/log/apps/regionalCulture" and its not buildable: Permission denied in /myp/regionalCulture/vendor/monolog/monolog/src/Monolog/Handler/StreamHandler.php:171
Stack trace:
#0 /myp/regionalCulture/vendor/monolog/monolog/src/Monolog/Handler/StreamHandler.php(97): Monolog\Handler\StreamHandler->createDir()
#1 /myp/regionalCulture/vendor/monolog/monolog/src/Monolog/Handler/RotatingFileHandler.php(107): Monolog\Handler\StreamHandler->write(Array)
#2 /myp/regionalCulture/vendor/monolog/monolog/src/Monolog/Handler/AbstractProcessingHandler.php(37): Monolog\Handler\RotatingFileHandler->write(Array)
#3 /myp/regionalCulture/vendor/monolog/monolog/src/Monolog/Logger.php(337): Monolog\Handler\AbstractProces
2020/03/03 16:06:00 [error] 7518#7518: *2 FastCGI sent in stderr: "PHP message: Slim Application Error:
Type: UnexpectedValueException
Message: There is no existing directory at &quot;/data/log/apps/regionalCulture&quot; and its not buildable: Permission denied
File: /myp/regionalCulture/vendor/monolog/monolog/src/Monolog/Handler/StreamHandler.php
Line: 171
Trace: #0 /myp/regionalCulture/vendor/monolog/monolog/src/Monolog/Handler/StreamHandler.php(97): Monolog\Handler\StreamHandler->createDir()
#1 /myp/regionalCulture/vendor/monolog/monolog/src/Monolog/Handler/RotatingFileHandler.php(107): Monolog\Handler\StreamHandler->write(Array)
#2 /myp/regionalCulture/vendor/monolog/monolog/src/Monolog/Handler/AbstractProcessingHandler.php(37): Monolog\Handler\RotatingFileHandler->write(Array)
#3 /myp/regionalCulture/vendor/monolog/monolog/src/Monolog/Logger.php(337): Monolog\Handler\AbstractProcessingHandler->handle(Array)
#4 /myp/regionalCulture/vendor/monolog/monolog/src/Monolog/Logger.php(546): Monolog\Logger->addRecord(200, '[REQUEST] GET r...', Array)
#5 /myp/regionalCulture/v...
PHP message: PHP Notice:  Undefined index: request in /myp/regionalCulture/vendor/pocteam/poc-framework/src/PocFramework/Utils/Timer.php on line 30
PHP message: PHP Fatal error:  Uncaught UnexpectedValueException: There is no existing directory at "/data/log/apps/regionalCulture" and its not buildable: Permission denied in /myp/regionalCulture/vendor/monolog/monolog/src/Monolog/Handler/StreamHandler.php:171
Stack trace:
#0 /myp/regionalCulture/vendor/monolog/monolog/src/Monolog/Handler/StreamHandler.php(97): Monolog\Handler\StreamHandler->createDir()
#1 /myp/regionalCulture/vendor/monolog/monolog/src/Monolog/Handler/RotatingFileHandler.php(107): Monolog\Handler\StreamHandler->write(Array)
#2 /myp/regionalCulture/vendor/monolog/monolog/src/Monolog/Handler/AbstractProcessingHandler.php(37): Monolog\Handler\RotatingFileHandler->write(Array)
#3 /myp/regionalCulture/vendor/monolog/monolog/src/Monolog/Logger.php(337): Monolog\Handler\AbstractProces
2020/03/03 16:06:11 [error] 7518#7518: *2 FastCGI sent in stderr: "PHP message: Slim Application Error:
Type: UnexpectedValueException
Message: There is no existing directory at &quot;/data/log/apps/regionalCulture&quot; and its not buildable: Permission denied
File: /myp/regionalCulture/vendor/monolog/monolog/src/Monolog/Handler/StreamHandler.php
Line: 171
Trace: #0 /myp/regionalCulture/vendor/monolog/monolog/src/Monolog/Handler/StreamHandler.php(97): Monolog\Handler\StreamHandler->createDir()
#1 /myp/regionalCulture/vendor/monolog/monolog/src/Monolog/Handler/RotatingFileHandler.php(107): Monolog\Handler\StreamHandler->write(Array)
#2 /myp/regionalCulture/vendor/monolog/monolog/src/Monolog/Handler/AbstractProcessingHandler.php(37): Monolog\Handler\RotatingFileHandler->write(Array)
#3 /myp/regionalCulture/vendor/monolog/monolog/src/Monolog/Logger.php(337): Monolog\Handler\AbstractProcessingHandler->handle(Array)
#4 /myp/regionalCulture/vendor/monolog/monolog/src/Monolog/Logger.php(546): Monolog\Logger->addRecord(200, '[REQUEST] GET r...', Array)
#5 /myp/regionalCulture/v...
PHP message: PHP Notice:  Undefined index: request in /myp/regionalCulture/vendor/pocteam/poc-framework/src/PocFramework/Utils/Timer.php on line 30
PHP message: PHP Fatal error:  Uncaught UnexpectedValueException: There is no existing directory at "/data/log/apps/regionalCulture" and its not buildable: Permission denied in /myp/regionalCulture/vendor/monolog/monolog/src/Monolog/Handler/StreamHandler.php:171
Stack trace:
#0 /myp/regionalCulture/vendor/monolog/monolog/src/Monolog/Handler/StreamHandler.php(97): Monolog\Handler\StreamHandler->createDir()
#1 /myp/regionalCulture/vendor/monolog/monolog/src/Monolog/Handler/RotatingFileHandler.php(107): Monolog\Handler\StreamHandler->write(Array)
#2 /myp/regionalCulture/vendor/monolog/monolog/src/Monolog/Handler/AbstractProcessingHandler.php(37): Monolog\Handler\RotatingFileHandler->write(Array)
#3 /myp/regionalCulture/vendor/monolog/monolog/src/Monolog/Logger.php(337): Monolog\Handler\AbstractProces
2020/03/03 16:06:24 [error] 7518#7518: *2 FastCGI sent in stderr: "PHP message: Slim Application Error:
Type: UnexpectedValueException
Message: There is no existing directory at &quot;/data/log/apps/regionalCulture&quot; and its not buildable: Permission denied
File: /myp/regionalCulture/vendor/monolog/monolog/src/Monolog/Handler/StreamHandler.php
Line: 171
Trace: #0 /myp/regionalCulture/vendor/monolog/monolog/src/Monolog/Handler/StreamHandler.php(97): Monolog\Handler\StreamHandler->createDir()
#1 /myp/regionalCulture/vendor/monolog/monolog/src/Monolog/Handler/RotatingFileHandler.php(107): Monolog\Handler\StreamHandler->write(Array)
#2 /myp/regionalCulture/vendor/monolog/monolog/src/Monolog/Handler/AbstractProcessingHandler.php(37): Monolog\Handler\RotatingFileHandler->write(Array)
#3 /myp/regionalCulture/vendor/monolog/monolog/src/Monolog/Logger.php(337): Monolog\Handler\AbstractProcessingHandler->handle(Array)
#4 /myp/regionalCulture/vendor/monolog/monolog/src/Monolog/Logger.php(546): Monolog\Logger->addRecord(200, '[REQUEST] GET r...', Array)
#5 /myp/regionalCulture/v...
PHP message: PHP Notice:  Undefined index: request in /myp/regionalCulture/vendor/pocteam/poc-framework/src/PocFramework/Utils/Timer.php on line 30
PHP message: PHP Fatal error:  Uncaught UnexpectedValueException: There is no existing directory at "/data/log/apps/regionalCulture" and its not buildable: Permission denied in /myp/regionalCulture/vendor/monolog/monolog/src/Monolog/Handler/StreamHandler.php:171
Stack trace:
#0 /myp/regionalCulture/vendor/monolog/monolog/src/Monolog/Handler/StreamHandler.php(97): Monolog\Handler\StreamHandler->createDir()
#1 /myp/regionalCulture/vendor/monolog/monolog/src/Monolog/Handler/RotatingFileHandler.php(107): Monolog\Handler\StreamHandler->write(Array)
#2 /myp/regionalCulture/vendor/monolog/monolog/src/Monolog/Handler/AbstractProcessingHandler.php(37): Monolog\Handler\RotatingFileHandler->write(Array)
#3 /myp/regionalCulture/vendor/monolog/monolog/src/Monolog/Logger.php(337): Monolog\Handler\AbstractProces
2020/03/03 16:06:27 [error] 7518#7518: *2 FastCGI sent in stderr: "PHP message: Slim Application Error:
Type: UnexpectedValueException
Message: There is no existing directory at &quot;/data/log/apps/regionalCulture&quot; and its not buildable: Permission denied
File: /myp/regionalCulture/vendor/monolog/monolog/src/Monolog/Handler/StreamHandler.php
Line: 171
Trace: #0 /myp/regionalCulture/vendor/monolog/monolog/src/Monolog/Handler/StreamHandler.php(97): Monolog\Handler\StreamHandler->createDir()
#1 /myp/regionalCulture/vendor/monolog/monolog/src/Monolog/Handler/RotatingFileHandler.php(107): Monolog\Handler\StreamHandler->write(Array)
#2 /myp/regionalCulture/vendor/monolog/monolog/src/Monolog/Handler/AbstractProcessingHandler.php(37): Monolog\Handler\RotatingFileHandler->write(Array)
#3 /myp/regionalCulture/vendor/monolog/monolog/src/Monolog/Logger.php(337): Monolog\Handler\AbstractProcessingHandler->handle(Array)
#4 /myp/regionalCulture/vendor/monolog/monolog/src/Monolog/Logger.php(546): Monolog\Logger->addRecord(200, '[REQUEST] GET r...', Array)
#5 /myp/regionalCulture/v...
PHP message: PHP Notice:  Undefined index: request in /myp/regionalCulture/vendor/pocteam/poc-framework/src/PocFramework/Utils/Timer.php on line 30
PHP message: PHP Fatal error:  Uncaught UnexpectedValueException: There is no existing directory at "/data/log/apps/regionalCulture" and its not buildable: Permission denied in /myp/regionalCulture/vendor/monolog/monolog/src/Monolog/Handler/StreamHandler.php:171
Stack trace:
#0 /myp/regionalCulture/vendor/monolog/monolog/src/Monolog/Handler/StreamHandler.php(97): Monolog\Handler\StreamHandler->createDir()
#1 /myp/regionalCulture/vendor/monolog/monolog/src/Monolog/Handler/RotatingFileHandler.php(107): Monolog\Handler\StreamHandler->write(Array)
#2 /myp/regionalCulture/vendor/monolog/monolog/src/Monolog/Handler/AbstractProcessingHandler.php(37): Monolog\Handler\RotatingFileHandler->write(Array)
#3 /myp/regionalCulture/vendor/monolog/monolog/src/Monolog/Logger.php(337): Monolog\Handler\AbstractProces
2020/03/03 16:06:40 [error] 7518#7518: *2 FastCGI sent in stderr: "PHP message: Slim Application Error:
Type: UnexpectedValueException
Message: There is no existing directory at &quot;/data/log/apps/regionalCulture&quot; and its not buildable: Permission denied
File: /myp/regionalCulture/vendor/monolog/monolog/src/Monolog/Handler/StreamHandler.php
Line: 171
Trace: #0 /myp/regionalCulture/vendor/monolog/monolog/src/Monolog/Handler/StreamHandler.php(97): Monolog\Handler\StreamHandler->createDir()
#1 /myp/regionalCulture/vendor/monolog/monolog/src/Monolog/Handler/RotatingFileHandler.php(107): Monolog\Handler\StreamHandler->write(Array)
#2 /myp/regionalCulture/vendor/monolog/monolog/src/Monolog/Handler/AbstractProcessingHandler.php(37): Monolog\Handler\RotatingFileHandler->write(Array)
#3 /myp/regionalCulture/vendor/monolog/monolog/src/Monolog/Logger.php(337): Monolog\Handler\AbstractProcessingHandler->handle(Array)
#4 /myp/regionalCulture/vendor/monolog/monolog/src/Monolog/Logger.php(546): Monolog\Logger->addRecord(200, '[REQUEST] GET r...', Array)
#5 /myp/regionalCulture/v...
PHP message: PHP Notice:  Undefined index: request in /myp/regionalCulture/vendor/pocteam/poc-framework/src/PocFramework/Utils/Timer.php on line 30
PHP message: PHP Fatal error:  Uncaught UnexpectedValueException: There is no existing directory at "/data/log/apps/regionalCulture" and its not buildable: Permission denied in /myp/regionalCulture/vendor/monolog/monolog/src/Monolog/Handler/StreamHandler.php:171
Stack trace:
#0 /myp/regionalCulture/vendor/monolog/monolog/src/Monolog/Handler/StreamHandler.php(97): Monolog\Handler\StreamHandler->createDir()
#1 /myp/regionalCulture/vendor/monolog/monolog/src/Monolog/Handler/RotatingFileHandler.php(107): Monolog\Handler\StreamHandler->write(Array)
#2 /myp/regionalCulture/vendor/monolog/monolog/src/Monolog/Handler/AbstractProcessingHandler.php(37): Monolog\Handler\RotatingFileHandler->write(Array)
#3 /myp/regionalCulture/vendor/monolog/monolog/src/Monolog/Logger.php(337): Monolog\Handler\AbstractProces
2020/03/03 16:06:48 [error] 7518#7518: *2 FastCGI sent in stderr: "PHP message: Slim Application Error:
Type: UnexpectedValueException
Message: There is no existing directory at &quot;/data/log/apps/regionalCulture&quot; and its not buildable: Permission denied
File: /myp/regionalCulture/vendor/monolog/monolog/src/Monolog/Handler/StreamHandler.php
Line: 171
Trace: #0 /myp/regionalCulture/vendor/monolog/monolog/src/Monolog/Handler/StreamHandler.php(97): Monolog\Handler\StreamHandler->createDir()
#1 /myp/regionalCulture/vendor/monolog/monolog/src/Monolog/Handler/RotatingFileHandler.php(107): Monolog\Handler\StreamHandler->write(Array)
#2 /myp/regionalCulture/vendor/monolog/monolog/src/Monolog/Handler/AbstractProcessingHandler.php(37): Monolog\Handler\RotatingFileHandler->write(Array)
#3 /myp/regionalCulture/vendor/monolog/monolog/src/Monolog/Logger.php(337): Monolog\Handler\AbstractProcessingHandler->handle(Array)
#4 /myp/regionalCulture/vendor/monolog/monolog/src/Monolog/Logger.php(546): Monolog\Logger->addRecord(200, '[REQUEST] GET r...', Array)
#5 /myp/regionalCulture/v...
PHP message: PHP Notice:  Undefined index: request in /myp/regionalCulture/vendor/pocteam/poc-framework/src/PocFramework/Utils/Timer.php on line 30
PHP message: PHP Fatal error:  Uncaught UnexpectedValueException: There is no existing directory at "/data/log/apps/regionalCulture" and its not buildable: Permission denied in /myp/regionalCulture/vendor/monolog/monolog/src/Monolog/Handler/StreamHandler.php:171
Stack trace:
#0 /myp/regionalCulture/vendor/monolog/monolog/src/Monolog/Handler/StreamHandler.php(97): Monolog\Handler\StreamHandler->createDir()
#1 /myp/regionalCulture/vendor/monolog/monolog/src/Monolog/Handler/RotatingFileHandler.php(107): Monolog\Handler\StreamHandler->write(Array)
#2 /myp/regionalCulture/vendor/monolog/monolog/src/Monolog/Handler/AbstractProcessingHandler.php(37): Monolog\Handler\RotatingFileHandler->write(Array)
#3 /myp/regionalCulture/vendor/monolog/monolog/src/Monolog/Logger.php(337): Monolog\Handler\AbstractProces
2020/03/03 16:08:19 [error] 7701#7701: *1 FastCGI sent in stderr: "PHP message: Slim Application Error:
Type: UnexpectedValueException
Message: There is no existing directory at &quot;/data/log/apps/regionalCulture&quot; and its not buildable: Permission denied
File: /myp/regionalCulture/vendor/monolog/monolog/src/Monolog/Handler/StreamHandler.php
Line: 171
Trace: #0 /myp/regionalCulture/vendor/monolog/monolog/src/Monolog/Handler/StreamHandler.php(97): Monolog\Handler\StreamHandler->createDir()
#1 /myp/regionalCulture/vendor/monolog/monolog/src/Monolog/Handler/RotatingFileHandler.php(107): Monolog\Handler\StreamHandler->write(Array)
#2 /myp/regionalCulture/vendor/monolog/monolog/src/Monolog/Handler/AbstractProcessingHandler.php(37): Monolog\Handler\RotatingFileHandler->write(Array)
#3 /myp/regionalCulture/vendor/monolog/monolog/src/Monolog/Logger.php(337): Monolog\Handler\AbstractProcessingHandler->handle(Array)
#4 /myp/regionalCulture/vendor/monolog/monolog/src/Monolog/Logger.php(546): Monolog\Logger->addRecord(200, '[REQUEST] GET r...', Array)
#5 /myp/regionalCulture/v...
PHP message: PHP Notice:  Undefined index: request in /myp/regionalCulture/vendor/pocteam/poc-framework/src/PocFramework/Utils/Timer.php on line 30
PHP message: PHP Fatal error:  Uncaught UnexpectedValueException: There is no existing directory at "/data/log/apps/regionalCulture" and its not buildable: Permission denied in /myp/regionalCulture/vendor/monolog/monolog/src/Monolog/Handler/StreamHandler.php:171
Stack trace:
#0 /myp/regionalCulture/vendor/monolog/monolog/src/Monolog/Handler/StreamHandler.php(97): Monolog\Handler\StreamHandler->createDir()
#1 /myp/regionalCulture/vendor/monolog/monolog/src/Monolog/Handler/RotatingFileHandler.php(107): Monolog\Handler\StreamHandler->write(Array)
#2 /myp/regionalCulture/vendor/monolog/monolog/src/Monolog/Handler/AbstractProcessingHandler.php(37): Monolog\Handler\RotatingFileHandler->write(Array)
#3 /myp/regionalCulture/vendor/monolog/monolog/src/Monolog/Logger.php(337): Monolog\Handler\AbstractProces
2020/03/03 16:08:24 [error] 7701#7701: *1 FastCGI sent in stderr: "PHP message: Slim Application Error:
Type: UnexpectedValueException
Message: There is no existing directory at &quot;/data/log/apps/regionalCulture&quot; and its not buildable: Permission denied
File: /myp/regionalCulture/vendor/monolog/monolog/src/Monolog/Handler/StreamHandler.php
Line: 171
Trace: #0 /myp/regionalCulture/vendor/monolog/monolog/src/Monolog/Handler/StreamHandler.php(97): Monolog\Handler\StreamHandler->createDir()
#1 /myp/regionalCulture/vendor/monolog/monolog/src/Monolog/Handler/RotatingFileHandler.php(107): Monolog\Handler\StreamHandler->write(Array)
#2 /myp/regionalCulture/vendor/monolog/monolog/src/Monolog/Handler/AbstractProcessingHandler.php(37): Monolog\Handler\RotatingFileHandler->write(Array)
#3 /myp/regionalCulture/vendor/monolog/monolog/src/Monolog/Logger.php(337): Monolog\Handler\AbstractProcessingHandler->handle(Array)
#4 /myp/regionalCulture/vendor/monolog/monolog/src/Monolog/Logger.php(546): Monolog\Logger->addRecord(200, '[REQUEST] GET r...', Array)
#5 /myp/regionalCulture/v...
PHP message: PHP Notice:  Undefined index: request in /myp/regionalCulture/vendor/pocteam/poc-framework/src/PocFramework/Utils/Timer.php on line 30
PHP message: PHP Fatal error:  Uncaught UnexpectedValueException: There is no existing directory at "/data/log/apps/regionalCulture" and its not buildable: Permission denied in /myp/regionalCulture/vendor/monolog/monolog/src/Monolog/Handler/StreamHandler.php:171
Stack trace:
#0 /myp/regionalCulture/vendor/monolog/monolog/src/Monolog/Handler/StreamHandler.php(97): Monolog\Handler\StreamHandler->createDir()
#1 /myp/regionalCulture/vendor/monolog/monolog/src/Monolog/Handler/RotatingFileHandler.php(107): Monolog\Handler\StreamHandler->write(Array)
#2 /myp/regionalCulture/vendor/monolog/monolog/src/Monolog/Handler/AbstractProcessingHandler.php(37): Monolog\Handler\RotatingFileHandler->write(Array)
#3 /myp/regionalCulture/vendor/monolog/monolog/src/Monolog/Logger.php(337): Monolog\Handler\AbstractProces
2020/03/03 16:15:19 [error] 7701#7701: *5 FastCGI sent in stderr: "PHP message: Slim Application Error:
Type: UnexpectedValueException
Message: There is no existing directory at &quot;/data/log/apps/regionalCulture&quot; and its not buildable: Permission denied
File: /myp/regionalCulture/vendor/monolog/monolog/src/Monolog/Handler/StreamHandler.php
Line: 171
Trace: #0 /myp/regionalCulture/vendor/monolog/monolog/src/Monolog/Handler/StreamHandler.php(97): Monolog\Handler\StreamHandler->createDir()
#1 /myp/regionalCulture/vendor/monolog/monolog/src/Monolog/Handler/RotatingFileHandler.php(107): Monolog\Handler\StreamHandler->write(Array)
#2 /myp/regionalCulture/vendor/monolog/monolog/src/Monolog/Handler/AbstractProcessingHandler.php(37): Monolog\Handler\RotatingFileHandler->write(Array)
#3 /myp/regionalCulture/vendor/monolog/monolog/src/Monolog/Logger.php(337): Monolog\Handler\AbstractProcessingHandler->handle(Array)
#4 /myp/regionalCulture/vendor/monolog/monolog/src/Monolog/Logger.php(546): Monolog\Logger->addRecord(200, '[REQUEST] GET r...', Array)
#5 /myp/regionalCulture/v...
PHP message: PHP Notice:  Undefined index: request in /myp/regionalCulture/vendor/pocteam/poc-framework/src/PocFramework/Utils/Timer.php on line 30
PHP message: PHP Fatal error:  Uncaught UnexpectedValueException: There is no existing directory at "/data/log/apps/regionalCulture" and its not buildable: Permission denied in /myp/regionalCulture/vendor/monolog/monolog/src/Monolog/Handler/StreamHandler.php:171
Stack trace:
#0 /myp/regionalCulture/vendor/monolog/monolog/src/Monolog/Handler/StreamHandler.php(97): Monolog\Handler\StreamHandler->createDir()
#1 /myp/regionalCulture/vendor/monolog/monolog/src/Monolog/Handler/RotatingFileHandler.php(107): Monolog\Handler\StreamHandler->write(Array)
#2 /myp/regionalCulture/vendor/monolog/monolog/src/Monolog/Handler/AbstractProcessingHandler.php(37): Monolog\Handler\RotatingFileHandler->write(Array)
#3 /myp/regionalCulture/vendor/monolog/monolog/src/Monolog/Logger.php(337): Monolog\Handler\AbstractProces
2020/03/03 16:17:18 [error] 8333#8333: *1 FastCGI sent in stderr: "PHP message: Slim Application Error:
Type: UnexpectedValueException
Message: There is no existing directory at &quot;/data/log/apps/regionalCulture&quot; and its not buildable: Permission denied
File: /myp/regionalCulture/vendor/monolog/monolog/src/Monolog/Handler/StreamHandler.php
Line: 171
Trace: #0 /myp/regionalCulture/vendor/monolog/monolog/src/Monolog/Handler/StreamHandler.php(97): Monolog\Handler\StreamHandler->createDir()
#1 /myp/regionalCulture/vendor/monolog/monolog/src/Monolog/Handler/RotatingFileHandler.php(107): Monolog\Handler\StreamHandler->write(Array)
#2 /myp/regionalCulture/vendor/monolog/monolog/src/Monolog/Handler/AbstractProcessingHandler.php(37): Monolog\Handler\RotatingFileHandler->write(Array)
#3 /myp/regionalCulture/vendor/monolog/monolog/src/Monolog/Logger.php(337): Monolog\Handler\AbstractProcessingHandler->handle(Array)
#4 /myp/regionalCulture/vendor/monolog/monolog/src/Monolog/Logger.php(546): Monolog\Logger->addRecord(200, '[REQUEST] GET r...', Array)
#5 /myp/regionalCulture/v...
PHP message: PHP Notice:  Undefined index: request in /myp/regionalCulture/vendor/pocteam/poc-framework/src/PocFramework/Utils/Timer.php on line 30
PHP message: PHP Fatal error:  Uncaught UnexpectedValueException: There is no existing directory at "/data/log/apps/regionalCulture" and its not buildable: Permission denied in /myp/regionalCulture/vendor/monolog/monolog/src/Monolog/Handler/StreamHandler.php:171
Stack trace:
#0 /myp/regionalCulture/vendor/monolog/monolog/src/Monolog/Handler/StreamHandler.php(97): Monolog\Handler\StreamHandler->createDir()
#1 /myp/regionalCulture/vendor/monolog/monolog/src/Monolog/Handler/RotatingFileHandler.php(107): Monolog\Handler\StreamHandler->write(Array)
#2 /myp/regionalCulture/vendor/monolog/monolog/src/Monolog/Handler/AbstractProcessingHandler.php(37): Monolog\Handler\RotatingFileHandler->write(Array)
#3 /myp/regionalCulture/vendor/monolog/monolog/src/Monolog/Logger.php(337): Monolog\Handler\AbstractProces
2020/03/03 16:17:22 [error] 8333#8333: *1 FastCGI sent in stderr: "PHP message: Slim Application Error:
Type: UnexpectedValueException
Message: There is no existing directory at &quot;/data/log/apps/regionalCulture&quot; and its not buildable: Permission denied
File: /myp/regionalCulture/vendor/monolog/monolog/src/Monolog/Handler/StreamHandler.php
Line: 171
Trace: #0 /myp/regionalCulture/vendor/monolog/monolog/src/Monolog/Handler/StreamHandler.php(97): Monolog\Handler\StreamHandler->createDir()
#1 /myp/regionalCulture/vendor/monolog/monolog/src/Monolog/Handler/RotatingFileHandler.php(107): Monolog\Handler\StreamHandler->write(Array)
#2 /myp/regionalCulture/vendor/monolog/monolog/src/Monolog/Handler/AbstractProcessingHandler.php(37): Monolog\Handler\RotatingFileHandler->write(Array)
#3 /myp/regionalCulture/vendor/monolog/monolog/src/Monolog/Logger.php(337): Monolog\Handler\AbstractProcessingHandler->handle(Array)
#4 /myp/regionalCulture/vendor/monolog/monolog/src/Monolog/Logger.php(546): Monolog\Logger->addRecord(200, '[REQUEST] GET r...', Array)
#5 /myp/regionalCulture/v...
PHP message: PHP Notice:  Undefined index: request in /myp/regionalCulture/vendor/pocteam/poc-framework/src/PocFramework/Utils/Timer.php on line 30
PHP message: PHP Fatal error:  Uncaught UnexpectedValueException: There is no existing directory at "/data/log/apps/regionalCulture" and its not buildable: Permission denied in /myp/regionalCulture/vendor/monolog/monolog/src/Monolog/Handler/StreamHandler.php:171
Stack trace:
#0 /myp/regionalCulture/vendor/monolog/monolog/src/Monolog/Handler/StreamHandler.php(97): Monolog\Handler\StreamHandler->createDir()
#1 /myp/regionalCulture/vendor/monolog/monolog/src/Monolog/Handler/RotatingFileHandler.php(107): Monolog\Handler\StreamHandler->write(Array)
#2 /myp/regionalCulture/vendor/monolog/monolog/src/Monolog/Handler/AbstractProcessingHandler.php(37): Monolog\Handler\RotatingFileHandler->write(Array)
#3 /myp/regionalCulture/vendor/monolog/monolog/src/Monolog/Logger.php(337): Monolog\Handler\AbstractProces
2020/03/03 16:28:52 [error] 9300#9300: *1 FastCGI sent in stderr: "PHP message: Slim Application Error:
Type: UnexpectedValueException
Message: There is no existing directory at &quot;/data/log/apps/regionalCulture&quot; and its not buildable: Permission denied
File: /myp/regionalCulture/vendor/monolog/monolog/src/Monolog/Handler/StreamHandler.php
Line: 171
Trace: #0 /myp/regionalCulture/vendor/monolog/monolog/src/Monolog/Handler/StreamHandler.php(97): Monolog\Handler\StreamHandler->createDir()
#1 /myp/regionalCulture/vendor/monolog/monolog/src/Monolog/Handler/RotatingFileHandler.php(107): Monolog\Handler\StreamHandler->write(Array)
#2 /myp/regionalCulture/vendor/monolog/monolog/src/Monolog/Handler/AbstractProcessingHandler.php(37): Monolog\Handler\RotatingFileHandler->write(Array)
#3 /myp/regionalCulture/vendor/monolog/monolog/src/Monolog/Logger.php(337): Monolog\Handler\AbstractProcessingHandler->handle(Array)
#4 /myp/regionalCulture/vendor/monolog/monolog/src/Monolog/Logger.php(546): Monolog\Logger->addRecord(200, '[REQUEST] GET l...', Array)
#5 /myp/regionalCulture/v...
PHP message: PHP Notice:  Undefined index: request in /myp/regionalCulture/vendor/pocteam/poc-framework/src/PocFramework/Utils/Timer.php on line 30
PHP message: PHP Fatal error:  Uncaught UnexpectedValueException: There is no existing directory at "/data/log/apps/regionalCulture" and its not buildable: Permission denied in /myp/regionalCulture/vendor/monolog/monolog/src/Monolog/Handler/StreamHandler.php:171
Stack trace:
#0 /myp/regionalCulture/vendor/monolog/monolog/src/Monolog/Handler/StreamHandler.php(97): Monolog\Handler\StreamHandler->createDir()
#1 /myp/regionalCulture/vendor/monolog/monolog/src/Monolog/Handler/RotatingFileHandler.php(107): Monolog\Handler\StreamHandler->write(Array)
#2 /myp/regionalCulture/vendor/monolog/monolog/src/Monolog/Handler/AbstractProcessingHandler.php(37): Monolog\Handler\RotatingFileHandler->write(Array)
#3 /myp/regionalCulture/vendor/monolog/monolog/src/Monolog/Logger.php(337): Monolog\Handler\AbstractProces
2020/03/03 16:29:00 [error] 9300#9300: *1 FastCGI sent in stderr: "PHP message: Slim Application Error:
Type: UnexpectedValueException
Message: There is no existing directory at &quot;/data/log/apps/regionalCulture&quot; and its not buildable: Permission denied
File: /myp/regionalCulture/vendor/monolog/monolog/src/Monolog/Handler/StreamHandler.php
Line: 171
Trace: #0 /myp/regionalCulture/vendor/monolog/monolog/src/Monolog/Handler/StreamHandler.php(97): Monolog\Handler\StreamHandler->createDir()
#1 /myp/regionalCulture/vendor/monolog/monolog/src/Monolog/Handler/RotatingFileHandler.php(107): Monolog\Handler\StreamHandler->write(Array)
#2 /myp/regionalCulture/vendor/monolog/monolog/src/Monolog/Handler/AbstractProcessingHandler.php(37): Monolog\Handler\RotatingFileHandler->write(Array)
#3 /myp/regionalCulture/vendor/monolog/monolog/src/Monolog/Logger.php(337): Monolog\Handler\AbstractProcessingHandler->handle(Array)
#4 /myp/regionalCulture/vendor/monolog/monolog/src/Monolog/Logger.php(546): Monolog\Logger->addRecord(200, '[REQUEST] GET l...', Array)
#5 /myp/regionalCulture/v...
PHP message: PHP Notice:  Undefined index: request in /myp/regionalCulture/vendor/pocteam/poc-framework/src/PocFramework/Utils/Timer.php on line 30
PHP message: PHP Fatal error:  Uncaught UnexpectedValueException: There is no existing directory at "/data/log/apps/regionalCulture" and its not buildable: Permission denied in /myp/regionalCulture/vendor/monolog/monolog/src/Monolog/Handler/StreamHandler.php:171
Stack trace:
#0 /myp/regionalCulture/vendor/monolog/monolog/src/Monolog/Handler/StreamHandler.php(97): Monolog\Handler\StreamHandler->createDir()
#1 /myp/regionalCulture/vendor/monolog/monolog/src/Monolog/Handler/RotatingFileHandler.php(107): Monolog\Handler\StreamHandler->write(Array)
#2 /myp/regionalCulture/vendor/monolog/monolog/src/Monolog/Handler/AbstractProcessingHandler.php(37): Monolog\Handler\RotatingFileHandler->write(Array)
#3 /myp/regionalCulture/vendor/monolog/monolog/src/Monolog/Logger.php(337): Monolog\Handler\AbstractProces
2020/03/03 16:29:07 [error] 9300#9300: *1 FastCGI sent in stderr: "PHP message: Slim Application Error:
Type: UnexpectedValueException
Message: There is no existing directory at &quot;/data/log/apps/regionalCulture&quot; and its not buildable: Permission denied
File: /myp/regionalCulture/vendor/monolog/monolog/src/Monolog/Handler/StreamHandler.php
Line: 171
Trace: #0 /myp/regionalCulture/vendor/monolog/monolog/src/Monolog/Handler/StreamHandler.php(97): Monolog\Handler\StreamHandler->createDir()
#1 /myp/regionalCulture/vendor/monolog/monolog/src/Monolog/Handler/RotatingFileHandler.php(107): Monolog\Handler\StreamHandler->write(Array)
#2 /myp/regionalCulture/vendor/monolog/monolog/src/Monolog/Handler/AbstractProcessingHandler.php(37): Monolog\Handler\RotatingFileHandler->write(Array)
#3 /myp/regionalCulture/vendor/monolog/monolog/src/Monolog/Logger.php(337): Monolog\Handler\AbstractProcessingHandler->handle(Array)
#4 /myp/regionalCulture/vendor/monolog/monolog/src/Monolog/Logger.php(546): Monolog\Logger->addRecord(200, '[REQUEST] GET l...', Array)
#5 /myp/regionalCulture/v...
PHP message: PHP Notice:  Undefined index: request in /myp/regionalCulture/vendor/pocteam/poc-framework/src/PocFramework/Utils/Timer.php on line 30
PHP message: PHP Fatal error:  Uncaught UnexpectedValueException: There is no existing directory at "/data/log/apps/regionalCulture" and its not buildable: Permission denied in /myp/regionalCulture/vendor/monolog/monolog/src/Monolog/Handler/StreamHandler.php:171
Stack trace:
#0 /myp/regionalCulture/vendor/monolog/monolog/src/Monolog/Handler/StreamHandler.php(97): Monolog\Handler\StreamHandler->createDir()
#1 /myp/regionalCulture/vendor/monolog/monolog/src/Monolog/Handler/RotatingFileHandler.php(107): Monolog\Handler\StreamHandler->write(Array)
#2 /myp/regionalCulture/vendor/monolog/monolog/src/Monolog/Handler/AbstractProcessingHandler.php(37): Monolog\Handler\RotatingFileHandler->write(Array)
#3 /myp/regionalCulture/vendor/monolog/monolog/src/Monolog/Logger.php(337): Monolog\Handler\AbstractProces
2020/03/03 16:29:08 [error] 9300#9300: *1 FastCGI sent in stderr: "PHP message: Slim Application Error:
Type: UnexpectedValueException
Message: There is no existing directory at &quot;/data/log/apps/regionalCulture&quot; and its not buildable: Permission denied
File: /myp/regionalCulture/vendor/monolog/monolog/src/Monolog/Handler/StreamHandler.php
Line: 171
Trace: #0 /myp/regionalCulture/vendor/monolog/monolog/src/Monolog/Handler/StreamHandler.php(97): Monolog\Handler\StreamHandler->createDir()
#1 /myp/regionalCulture/vendor/monolog/monolog/src/Monolog/Handler/RotatingFileHandler.php(107): Monolog\Handler\StreamHandler->write(Array)
#2 /myp/regionalCulture/vendor/monolog/monolog/src/Monolog/Handler/AbstractProcessingHandler.php(37): Monolog\Handler\RotatingFileHandler->write(Array)
#3 /myp/regionalCulture/vendor/monolog/monolog/src/Monolog/Logger.php(337): Monolog\Handler\AbstractProcessingHandler->handle(Array)
#4 /myp/regionalCulture/vendor/monolog/monolog/src/Monolog/Logger.php(546): Monolog\Logger->addRecord(200, '[REQUEST] GET l...', Array)
#5 /myp/regionalCulture/v...
PHP message: PHP Notice:  Undefined index: request in /myp/regionalCulture/vendor/pocteam/poc-framework/src/PocFramework/Utils/Timer.php on line 30
PHP message: PHP Fatal error:  Uncaught UnexpectedValueException: There is no existing directory at "/data/log/apps/regionalCulture" and its not buildable: Permission denied in /myp/regionalCulture/vendor/monolog/monolog/src/Monolog/Handler/StreamHandler.php:171
Stack trace:
#0 /myp/regionalCulture/vendor/monolog/monolog/src/Monolog/Handler/StreamHandler.php(97): Monolog\Handler\StreamHandler->createDir()
#1 /myp/regionalCulture/vendor/monolog/monolog/src/Monolog/Handler/RotatingFileHandler.php(107): Monolog\Handler\StreamHandler->write(Array)
#2 /myp/regionalCulture/vendor/monolog/monolog/src/Monolog/Handler/AbstractProcessingHandler.php(37): Monolog\Handler\RotatingFileHandler->write(Array)
#3 /myp/regionalCulture/vendor/monolog/monolog/src/Monolog/Logger.php(337): Monolog\Handler\AbstractProces
2020/03/03 16:29:43 [error] 9352#9352: *1 FastCGI sent in stderr: "PHP message: Slim Application Error:
Type: UnexpectedValueException
Message: There is no existing directory at &quot;/data/log/apps/regionalCulture&quot; and its not buildable: Permission denied
File: /myp/regionalCulture/vendor/monolog/monolog/src/Monolog/Handler/StreamHandler.php
Line: 171
Trace: #0 /myp/regionalCulture/vendor/monolog/monolog/src/Monolog/Handler/StreamHandler.php(97): Monolog\Handler\StreamHandler->createDir()
#1 /myp/regionalCulture/vendor/monolog/monolog/src/Monolog/Handler/RotatingFileHandler.php(107): Monolog\Handler\StreamHandler->write(Array)
#2 /myp/regionalCulture/vendor/monolog/monolog/src/Monolog/Handler/AbstractProcessingHandler.php(37): Monolog\Handler\RotatingFileHandler->write(Array)
#3 /myp/regionalCulture/vendor/monolog/monolog/src/Monolog/Logger.php(337): Monolog\Handler\AbstractProcessingHandler->handle(Array)
#4 /myp/regionalCulture/vendor/monolog/monolog/src/Monolog/Logger.php(546): Monolog\Logger->addRecord(200, '[REQUEST] GET l...', Array)
#5 /myp/regionalCulture/v...
PHP message: PHP Notice:  Undefined index: request in /myp/regionalCulture/vendor/pocteam/poc-framework/src/PocFramework/Utils/Timer.php on line 30
PHP message: PHP Fatal error:  Uncaught UnexpectedValueException: There is no existing directory at "/data/log/apps/regionalCulture" and its not buildable: Permission denied in /myp/regionalCulture/vendor/monolog/monolog/src/Monolog/Handler/StreamHandler.php:171
Stack trace:
#0 /myp/regionalCulture/vendor/monolog/monolog/src/Monolog/Handler/StreamHandler.php(97): Monolog\Handler\StreamHandler->createDir()
#1 /myp/regionalCulture/vendor/monolog/monolog/src/Monolog/Handler/RotatingFileHandler.php(107): Monolog\Handler\StreamHandler->write(Array)
#2 /myp/regionalCulture/vendor/monolog/monolog/src/Monolog/Handler/AbstractProcessingHandler.php(37): Monolog\Handler\RotatingFileHandler->write(Array)
#3 /myp/regionalCulture/vendor/monolog/monolog/src/Monolog/Logger.php(337): Monolog\Handler\AbstractProces
2020/03/03 16:29:44 [error] 9352#9352: *1 FastCGI sent in stderr: "PHP message: Slim Application Error:
Type: UnexpectedValueException
Message: There is no existing directory at &quot;/data/log/apps/regionalCulture&quot; and its not buildable: Permission denied
File: /myp/regionalCulture/vendor/monolog/monolog/src/Monolog/Handler/StreamHandler.php
Line: 171
Trace: #0 /myp/regionalCulture/vendor/monolog/monolog/src/Monolog/Handler/StreamHandler.php(97): Monolog\Handler\StreamHandler->createDir()
#1 /myp/regionalCulture/vendor/monolog/monolog/src/Monolog/Handler/RotatingFileHandler.php(107): Monolog\Handler\StreamHandler->write(Array)
#2 /myp/regionalCulture/vendor/monolog/monolog/src/Monolog/Handler/AbstractProcessingHandler.php(37): Monolog\Handler\RotatingFileHandler->write(Array)
#3 /myp/regionalCulture/vendor/monolog/monolog/src/Monolog/Logger.php(337): Monolog\Handler\AbstractProcessingHandler->handle(Array)
#4 /myp/regionalCulture/vendor/monolog/monolog/src/Monolog/Logger.php(546): Monolog\Logger->addRecord(200, '[REQUEST] GET l...', Array)
#5 /myp/regionalCulture/v...
PHP message: PHP Notice:  Undefined index: request in /myp/regionalCulture/vendor/pocteam/poc-framework/src/PocFramework/Utils/Timer.php on line 30
PHP message: PHP Fatal error:  Uncaught UnexpectedValueException: There is no existing directory at "/data/log/apps/regionalCulture" and its not buildable: Permission denied in /myp/regionalCulture/vendor/monolog/monolog/src/Monolog/Handler/StreamHandler.php:171
Stack trace:
#0 /myp/regionalCulture/vendor/monolog/monolog/src/Monolog/Handler/StreamHandler.php(97): Monolog\Handler\StreamHandler->createDir()
#1 /myp/regionalCulture/vendor/monolog/monolog/src/Monolog/Handler/RotatingFileHandler.php(107): Monolog\Handler\StreamHandler->write(Array)
#2 /myp/regionalCulture/vendor/monolog/monolog/src/Monolog/Handler/AbstractProcessingHandler.php(37): Monolog\Handler\RotatingFileHandler->write(Array)
#3 /myp/regionalCulture/vendor/monolog/monolog/src/Monolog/Logger.php(337): Monolog\Handler\AbstractProces
2020/03/03 16:29:52 [error] 9352#9352: *1 FastCGI sent in stderr: "PHP message: Slim Application Error:
Type: UnexpectedValueException
Message: There is no existing directory at &quot;/data/log/apps/regionalCulture&quot; and its not buildable: Permission denied
File: /myp/regionalCulture/vendor/monolog/monolog/src/Monolog/Handler/StreamHandler.php
Line: 171
Trace: #0 /myp/regionalCulture/vendor/monolog/monolog/src/Monolog/Handler/StreamHandler.php(97): Monolog\Handler\StreamHandler->createDir()
#1 /myp/regionalCulture/vendor/monolog/monolog/src/Monolog/Handler/RotatingFileHandler.php(107): Monolog\Handler\StreamHandler->write(Array)
#2 /myp/regionalCulture/vendor/monolog/monolog/src/Monolog/Handler/AbstractProcessingHandler.php(37): Monolog\Handler\RotatingFileHandler->write(Array)
#3 /myp/regionalCulture/vendor/monolog/monolog/src/Monolog/Logger.php(337): Monolog\Handler\AbstractProcessingHandler->handle(Array)
#4 /myp/regionalCulture/vendor/monolog/monolog/src/Monolog/Logger.php(546): Monolog\Logger->addRecord(200, '[REQUEST] GET l...', Array)
#5 /myp/regionalCulture/v...
PHP message: PHP Notice:  Undefined index: request in /myp/regionalCulture/vendor/pocteam/poc-framework/src/PocFramework/Utils/Timer.php on line 30
PHP message: PHP Fatal error:  Uncaught UnexpectedValueException: There is no existing directory at "/data/log/apps/regionalCulture" and its not buildable: Permission denied in /myp/regionalCulture/vendor/monolog/monolog/src/Monolog/Handler/StreamHandler.php:171
Stack trace:
#0 /myp/regionalCulture/vendor/monolog/monolog/src/Monolog/Handler/StreamHandler.php(97): Monolog\Handler\StreamHandler->createDir()
#1 /myp/regionalCulture/vendor/monolog/monolog/src/Monolog/Handler/RotatingFileHandler.php(107): Monolog\Handler\StreamHandler->write(Array)
#2 /myp/regionalCulture/vendor/monolog/monolog/src/Monolog/Handler/AbstractProcessingHandler.php(37): Monolog\Handler\RotatingFileHandler->write(Array)
#3 /myp/regionalCulture/vendor/monolog/monolog/src/Monolog/Logger.php(337): Monolog\Handler\AbstractProces
2020/03/03 16:30:21 [error] 9422#9422: *1 FastCGI sent in stderr: "PHP message: Slim Application Error:
Type: UnexpectedValueException
Message: There is no existing directory at &quot;/data/log/apps/regionalCulture&quot; and its not buildable: Permission denied
File: /myp/regionalCulture/vendor/monolog/monolog/src/Monolog/Handler/StreamHandler.php
Line: 171
Trace: #0 /myp/regionalCulture/vendor/monolog/monolog/src/Monolog/Handler/StreamHandler.php(97): Monolog\Handler\StreamHandler->createDir()
#1 /myp/regionalCulture/vendor/monolog/monolog/src/Monolog/Handler/RotatingFileHandler.php(107): Monolog\Handler\StreamHandler->write(Array)
#2 /myp/regionalCulture/vendor/monolog/monolog/src/Monolog/Handler/AbstractProcessingHandler.php(37): Monolog\Handler\RotatingFileHandler->write(Array)
#3 /myp/regionalCulture/vendor/monolog/monolog/src/Monolog/Logger.php(337): Monolog\Handler\AbstractProcessingHandler->handle(Array)
#4 /myp/regionalCulture/vendor/monolog/monolog/src/Monolog/Logger.php(546): Monolog\Logger->addRecord(200, '[REQUEST] GET l...', Array)
#5 /myp/regionalCulture/v...
PHP message: PHP Notice:  Undefined index: request in /myp/regionalCulture/vendor/pocteam/poc-framework/src/PocFramework/Utils/Timer.php on line 30
PHP message: PHP Fatal error:  Uncaught UnexpectedValueException: There is no existing directory at "/data/log/apps/regionalCulture" and its not buildable: Permission denied in /myp/regionalCulture/vendor/monolog/monolog/src/Monolog/Handler/StreamHandler.php:171
Stack trace:
#0 /myp/regionalCulture/vendor/monolog/monolog/src/Monolog/Handler/StreamHandler.php(97): Monolog\Handler\StreamHandler->createDir()
#1 /myp/regionalCulture/vendor/monolog/monolog/src/Monolog/Handler/RotatingFileHandler.php(107): Monolog\Handler\StreamHandler->write(Array)
#2 /myp/regionalCulture/vendor/monolog/monolog/src/Monolog/Handler/AbstractProcessingHandler.php(37): Monolog\Handler\RotatingFileHandler->write(Array)
#3 /myp/regionalCulture/vendor/monolog/monolog/src/Monolog/Logger.php(337): Monolog\Handler\AbstractProces
2020/03/03 16:30:27 [error] 9422#9422: *1 open() "/usr/share/nginx/html/favicon.ico" failed (2: No such file or directory), client: 127.0.0.1, server: localhost, request: "GET /favicon.ico HTTP/1.1", host: "localhost:81", referrer: "http://localhost:81/index.html"
2020/03/03 16:40:19 [error] 10251#10251: *1 FastCGI sent in stderr: "PHP message: Slim Application Error:
Type: UnexpectedValueException
Message: There is no existing directory at &quot;/data/log/apps/regionalCulture&quot; and its not buildable: Permission denied
File: /myp/regionalCulture/vendor/monolog/monolog/src/Monolog/Handler/StreamHandler.php
Line: 171
Trace: #0 /myp/regionalCulture/vendor/monolog/monolog/src/Monolog/Handler/StreamHandler.php(97): Monolog\Handler\StreamHandler->createDir()
#1 /myp/regionalCulture/vendor/monolog/monolog/src/Monolog/Handler/RotatingFileHandler.php(107): Monolog\Handler\StreamHandler->write(Array)
#2 /myp/regionalCulture/vendor/monolog/monolog/src/Monolog/Handler/AbstractProcessingHandler.php(37): Monolog\Handler\RotatingFileHandler->write(Array)
#3 /myp/regionalCulture/vendor/monolog/monolog/src/Monolog/Logger.php(337): Monolog\Handler\AbstractProcessingHandler->handle(Array)
#4 /myp/regionalCulture/vendor/monolog/monolog/src/Monolog/Logger.php(546): Monolog\Logger->addRecord(200, '[REQUEST] GET l...', Array)
#5 /myp/regionalCulture/v...
PHP message: PHP Notice:  Undefined index: request in /myp/regionalCulture/vendor/pocteam/poc-framework/src/PocFramework/Utils/Timer.php on line 30
PHP message: PHP Fatal error:  Uncaught UnexpectedValueException: There is no existing directory at "/data/log/apps/regionalCulture" and its not buildable: Permission denied in /myp/regionalCulture/vendor/monolog/monolog/src/Monolog/Handler/StreamHandler.php:171
Stack trace:
#0 /myp/regionalCulture/vendor/monolog/monolog/src/Monolog/Handler/StreamHandler.php(97): Monolog\Handler\StreamHandler->createDir()
#1 /myp/regionalCulture/vendor/monolog/monolog/src/Monolog/Handler/RotatingFileHandler.php(107): Monolog\Handler\StreamHandler->write(Array)
#2 /myp/regionalCulture/vendor/monolog/monolog/src/Monolog/Handler/AbstractProcessingHandler.php(37): Monolog\Handler\RotatingFileHandler->write(Array)
#3 /myp/regionalCulture/vendor/monolog/monolog/src/Monolog/Logger.php(337): Monolog\Handler\AbstractProc
2020/03/03 16:41:24 [error] 10251#10251: *5 open() "/myp/regionalCulture/public/region/list_simples" failed (2: No such file or directory), client: 127.0.0.1, server: localhost, request: "GET /region/list_simples?page=1 HTTP/1.1", host: "localhost:81", referrer: "http://localhost:3000/"
2020/03/03 16:41:27 [error] 10251#10251: *5 open() "/myp/regionalCulture/public/region/list_simples" failed (2: No such file or directory), client: 127.0.0.1, server: localhost, request: "GET /region/list_simples?page=1 HTTP/1.1", host: "localhost:81", referrer: "http://localhost:3000/"
2020/03/03 16:42:49 [error] 10251#10251: *6 open() "/myp/regionalCulture/public/region/list_simples" failed (2: No such file or directory), client: 127.0.0.1, server: localhost, request: "GET /region/list_simples?page=1 HTTP/1.1", host: "localhost:81", referrer: "http://localhost:3000/"
2020/03/03 16:42:50 [error] 10251#10251: *6 open() "/myp/regionalCulture/public/region/list_simples" failed (2: No such file or directory), client: 127.0.0.1, server: localhost, request: "GET /region/list_simples?page=1 HTTP/1.1", host: "localhost:81", referrer: "http://localhost:3000/"
2020/03/03 17:27:34 [error] 4587#4587: *1 open() "/myp/regionalCulture/public/region/list_simples" failed (2: No such file or directory), client: 127.0.0.1, server: regional, request: "GET /region/list_simples?page=1 HTTP/1.1", host: "regional", referrer: "http://localhost:3000/"
2020/03/03 17:28:23 [error] 4587#4587: *1 open() "/myp/regionalCulture/public/region/list_simples" failed (2: No such file or directory), client: 127.0.0.1, server: regional, request: "GET /region/list_simples?page=1 HTTP/1.1", host: "regional", referrer: "http://localhost:3000/"
2020/03/03 17:29:12 [error] 4587#4587: *1 open() "/myp/regionalCulture/public/region/list_simples" failed (2: No such file or directory), client: 127.0.0.1, server: regional, request: "GET /region/list_simples?page=1 HTTP/1.1", host: "regional", referrer: "http://localhost:3000/"
2020/03/03 17:46:48 [error] 4588#4588: *2 open() "/myp/regionalCulture/public/region/list_simples" failed (2: No such file or directory), client: 192.168.1.3, server: regional, request: "GET /region/list_simples?page=1 HTTP/1.1", host: "regional"
2020/03/03 17:47:38 [error] 4588#4588: *2 open() "/myp/regionalCulture/public/region/list_simples" failed (2: No such file or directory), client: 192.168.1.3, server: regional, request: "GET /region/list_simples?page=1 HTTP/1.1", host: "regional"
2020/03/03 17:47:41 [error] 4588#4588: *2 open() "/myp/regionalCulture/public/region/list_simples" failed (2: No such file or directory), client: 192.168.1.3, server: regional, request: "GET /region/list_simples?page=1 HTTP/1.1", host: "regional"
2020/03/03 17:47:43 [error] 4588#4588: *2 open() "/myp/regionalCulture/public/region/list_simples" failed (2: No such file or directory), client: 192.168.1.3, server: regional, request: "GET /region/list_simples?page=1 HTTP/1.1", host: "regional"
2020/03/03 17:47:49 [error] 4588#4588: *2 open() "/myp/regionalCulture/public/region/list_simples" failed (2: No such file or directory), client: 192.168.1.3, server: regional, request: "GET /region/list_simples?page=1 HTTP/1.1", host: "regional"
2020/03/03 17:47:54 [error] 4588#4588: *2 open() "/myp/regionalCulture/public/region/list_simples" failed (2: No such file or directory), client: 192.168.1.3, server: regional, request: "GET /region/list_simples?page=1 HTTP/1.1", host: "regional"
2020/03/03 17:49:51 [error] 4588#4588: *3 open() "/myp/regionalCulture/public/region/list_simples" failed (2: No such file or directory), client: 192.168.1.3, server: regional, request: "GET /region/list_simples?page=1 HTTP/1.1", host: "regional"
2020/03/03 17:49:53 [error] 4588#4588: *3 open() "/myp/regionalCulture/public/region/list_simples" failed (2: No such file or directory), client: 192.168.1.3, server: regional, request: "GET /region/list_simples?page=1 HTTP/1.1", host: "regional"
2020/03/03 17:55:33 [error] 4588#4588: *4 open() "/myp/regionalCulture/public/text.html" failed (2: No such file or directory), client: 127.0.0.1, server: regional, request: "HEAD /text.html HTTP/1.1", host: "regional"
2020/03/03 17:55:47 [error] 4588#4588: *5 open() "/myp/regionalCulture/public/test.html" failed (2: No such file or directory), client: 127.0.0.1, server: regional, request: "GET /test.html HTTP/1.1", host: "regional"
2020/03/03 17:55:47 [error] 4588#4588: *5 open() "/myp/regionalCulture/public/favicon.ico" failed (2: No such file or directory), client: 127.0.0.1, server: regional, request: "GET /favicon.ico HTTP/1.1", host: "regional", referrer: "http://regional/test.html"
2020/03/03 17:56:32 [error] 4588#4588: *8 open() "/myp/regionalCulture/public/region/list_simples" failed (2: No such file or directory), client: 192.168.1.3, server: regional, request: "GET /region/list_simples?page=1 HTTP/1.1", host: "regional"
2020/03/03 17:57:00 [error] 4588#4588: *8 FastCGI sent in stderr: "PHP message: Slim Application Error:
Type: UnexpectedValueException
Message: There is no existing directory at &quot;/data/log/apps/regionalCulture&quot; and its not buildable: Permission denied
File: /myp/regionalCulture/vendor/monolog/monolog/src/Monolog/Handler/StreamHandler.php
Line: 171
Trace: #0 /myp/regionalCulture/vendor/monolog/monolog/src/Monolog/Handler/StreamHandler.php(97): Monolog\Handler\StreamHandler->createDir()
#1 /myp/regionalCulture/vendor/monolog/monolog/src/Monolog/Handler/RotatingFileHandler.php(107): Monolog\Handler\StreamHandler->write(Array)
#2 /myp/regionalCulture/vendor/monolog/monolog/src/Monolog/Handler/AbstractProcessingHandler.php(37): Monolog\Handler\RotatingFileHandler->write(Array)
#3 /myp/regionalCulture/vendor/monolog/monolog/src/Monolog/Logger.php(337): Monolog\Handler\AbstractProcessingHandler->handle(Array)
#4 /myp/regionalCulture/vendor/monolog/monolog/src/Monolog/Logger.php(546): Monolog\Logger->addRecord(200, '[REQUEST] GET r...', Array)
#5 /myp/regionalCulture/v...
PHP message: PHP Notice:  Undefined index: request in /myp/regionalCulture/vendor/pocteam/poc-framework/src/PocFramework/Utils/Timer.php on line 30
PHP message: PHP Fatal error:  Uncaught UnexpectedValueException: There is no existing directory at "/data/log/apps/regionalCulture" and its not buildable: Permission denied in /myp/regionalCulture/vendor/monolog/monolog/src/Monolog/Handler/StreamHandler.php:171
Stack trace:
#0 /myp/regionalCulture/vendor/monolog/monolog/src/Monolog/Handler/StreamHandler.php(97): Monolog\Handler\StreamHandler->createDir()
#1 /myp/regionalCulture/vendor/monolog/monolog/src/Monolog/Handler/RotatingFileHandler.php(107): Monolog\Handler\StreamHandler->write(Array)
#2 /myp/regionalCulture/vendor/monolog/monolog/src/Monolog/Handler/AbstractProcessingHandler.php(37): Monolog\Handler\RotatingFileHandler->write(Array)
#3 /myp/regionalCulture/vendor/monolog/monolog/src/Monolog/Logger.php(337): Monolog\Handler\AbstractProces
2020/03/03 17:57:05 [error] 4588#4588: *8 FastCGI sent in stderr: "PHP message: Slim Application Error:
Type: UnexpectedValueException
Message: There is no existing directory at &quot;/data/log/apps/regionalCulture&quot; and its not buildable: Permission denied
File: /myp/regionalCulture/vendor/monolog/monolog/src/Monolog/Handler/StreamHandler.php
Line: 171
Trace: #0 /myp/regionalCulture/vendor/monolog/monolog/src/Monolog/Handler/StreamHandler.php(97): Monolog\Handler\StreamHandler->createDir()
#1 /myp/regionalCulture/vendor/monolog/monolog/src/Monolog/Handler/RotatingFileHandler.php(107): Monolog\Handler\StreamHandler->write(Array)
#2 /myp/regionalCulture/vendor/monolog/monolog/src/Monolog/Handler/AbstractProcessingHandler.php(37): Monolog\Handler\RotatingFileHandler->write(Array)
#3 /myp/regionalCulture/vendor/monolog/monolog/src/Monolog/Logger.php(337): Monolog\Handler\AbstractProcessingHandler->handle(Array)
#4 /myp/regionalCulture/vendor/monolog/monolog/src/Monolog/Logger.php(546): Monolog\Logger->addRecord(200, '[REQUEST] GET r...', Array)
#5 /myp/regionalCulture/v...
PHP message: PHP Notice:  Undefined index: request in /myp/regionalCulture/vendor/pocteam/poc-framework/src/PocFramework/Utils/Timer.php on line 30
PHP message: PHP Fatal error:  Uncaught UnexpectedValueException: There is no existing directory at "/data/log/apps/regionalCulture" and its not buildable: Permission denied in /myp/regionalCulture/vendor/monolog/monolog/src/Monolog/Handler/StreamHandler.php:171
Stack trace:
#0 /myp/regionalCulture/vendor/monolog/monolog/src/Monolog/Handler/StreamHandler.php(97): Monolog\Handler\StreamHandler->createDir()
#1 /myp/regionalCulture/vendor/monolog/monolog/src/Monolog/Handler/RotatingFileHandler.php(107): Monolog\Handler\StreamHandler->write(Array)
#2 /myp/regionalCulture/vendor/monolog/monolog/src/Monolog/Handler/AbstractProcessingHandler.php(37): Monolog\Handler\RotatingFileHandler->write(Array)
#3 /myp/regionalCulture/vendor/monolog/monolog/src/Monolog/Logger.php(337): Monolog\Handler\AbstractProces
2020/03/03 17:57:17 [error] 4588#4588: *8 FastCGI sent in stderr: "PHP message: Slim Application Error:
Type: UnexpectedValueException
Message: There is no existing directory at &quot;/data/log/apps/regionalCulture&quot; and its not buildable: Permission denied
File: /myp/regionalCulture/vendor/monolog/monolog/src/Monolog/Handler/StreamHandler.php
Line: 171
Trace: #0 /myp/regionalCulture/vendor/monolog/monolog/src/Monolog/Handler/StreamHandler.php(97): Monolog\Handler\StreamHandler->createDir()
#1 /myp/regionalCulture/vendor/monolog/monolog/src/Monolog/Handler/RotatingFileHandler.php(107): Monolog\Handler\StreamHandler->write(Array)
#2 /myp/regionalCulture/vendor/monolog/monolog/src/Monolog/Handler/AbstractProcessingHandler.php(37): Monolog\Handler\RotatingFileHandler->write(Array)
#3 /myp/regionalCulture/vendor/monolog/monolog/src/Monolog/Logger.php(337): Monolog\Handler\AbstractProcessingHandler->handle(Array)
#4 /myp/regionalCulture/vendor/monolog/monolog/src/Monolog/Logger.php(546): Monolog\Logger->addRecord(200, '[REQUEST] GET r...', Array)
#5 /myp/regionalCulture/v...
PHP message: PHP Notice:  Undefined index: request in /myp/regionalCulture/vendor/pocteam/poc-framework/src/PocFramework/Utils/Timer.php on line 30
PHP message: PHP Fatal error:  Uncaught UnexpectedValueException: There is no existing directory at "/data/log/apps/regionalCulture" and its not buildable: Permission denied in /myp/regionalCulture/vendor/monolog/monolog/src/Monolog/Handler/StreamHandler.php:171
Stack trace:
#0 /myp/regionalCulture/vendor/monolog/monolog/src/Monolog/Handler/StreamHandler.php(97): Monolog\Handler\StreamHandler->createDir()
#1 /myp/regionalCulture/vendor/monolog/monolog/src/Monolog/Handler/RotatingFileHandler.php(107): Monolog\Handler\StreamHandler->write(Array)
#2 /myp/regionalCulture/vendor/monolog/monolog/src/Monolog/Handler/AbstractProcessingHandler.php(37): Monolog\Handler\RotatingFileHandler->write(Array)
#3 /myp/regionalCulture/vendor/monolog/monolog/src/Monolog/Logger.php(337): Monolog\Handler\AbstractProces
2020/03/03 17:59:40 [error] 4588#4588: *12 open() "/myp/regionalCulture/public/region/list_simples" failed (2: No such file or directory), client: 192.168.1.3, server: regional, request: "GET /region/list_simples?page=1 HTTP/1.1", host: "regional"
2020/03/03 18:00:51 [error] 4588#4588: *13 FastCGI sent in stderr: "PHP message: Slim Application Error:
Type: UnexpectedValueException
Message: There is no existing directory at &quot;/data/log/apps/regionalCulture&quot; and its not buildable: Permission denied
File: /myp/regionalCulture/vendor/monolog/monolog/src/Monolog/Handler/StreamHandler.php
Line: 171
Trace: #0 /myp/regionalCulture/vendor/monolog/monolog/src/Monolog/Handler/StreamHandler.php(97): Monolog\Handler\StreamHandler->createDir()
#1 /myp/regionalCulture/vendor/monolog/monolog/src/Monolog/Handler/RotatingFileHandler.php(107): Monolog\Handler\StreamHandler->write(Array)
#2 /myp/regionalCulture/vendor/monolog/monolog/src/Monolog/Handler/AbstractProcessingHandler.php(37): Monolog\Handler\RotatingFileHandler->write(Array)
#3 /myp/regionalCulture/vendor/monolog/monolog/src/Monolog/Logger.php(337): Monolog\Handler\AbstractProcessingHandler->handle(Array)
#4 /myp/regionalCulture/vendor/monolog/monolog/src/Monolog/Logger.php(546): Monolog\Logger->addRecord(200, '[REQUEST] GET r...', Array)
#5 /myp/regionalCulture/v...
PHP message: PHP Notice:  Undefined index: request in /myp/regionalCulture/vendor/pocteam/poc-framework/src/PocFramework/Utils/Timer.php on line 30
PHP message: PHP Fatal error:  Uncaught UnexpectedValueException: There is no existing directory at "/data/log/apps/regionalCulture" and its not buildable: Permission denied in /myp/regionalCulture/vendor/monolog/monolog/src/Monolog/Handler/StreamHandler.php:171
Stack trace:
#0 /myp/regionalCulture/vendor/monolog/monolog/src/Monolog/Handler/StreamHandler.php(97): Monolog\Handler\StreamHandler->createDir()
#1 /myp/regionalCulture/vendor/monolog/monolog/src/Monolog/Handler/RotatingFileHandler.php(107): Monolog\Handler\StreamHandler->write(Array)
#2 /myp/regionalCulture/vendor/monolog/monolog/src/Monolog/Handler/AbstractProcessingHandler.php(37): Monolog\Handler\RotatingFileHandler->write(Array)
#3 /myp/regionalCulture/vendor/monolog/monolog/src/Monolog/Logger.php(337): Monolog\Handler\AbstractProce
2020/03/03 18:00:54 [error] 4588#4588: *13 FastCGI sent in stderr: "PHP message: Slim Application Error:
Type: UnexpectedValueException
Message: There is no existing directory at &quot;/data/log/apps/regionalCulture&quot; and its not buildable: Permission denied
File: /myp/regionalCulture/vendor/monolog/monolog/src/Monolog/Handler/StreamHandler.php
Line: 171
Trace: #0 /myp/regionalCulture/vendor/monolog/monolog/src/Monolog/Handler/StreamHandler.php(97): Monolog\Handler\StreamHandler->createDir()
#1 /myp/regionalCulture/vendor/monolog/monolog/src/Monolog/Handler/RotatingFileHandler.php(107): Monolog\Handler\StreamHandler->write(Array)
#2 /myp/regionalCulture/vendor/monolog/monolog/src/Monolog/Handler/AbstractProcessingHandler.php(37): Monolog\Handler\RotatingFileHandler->write(Array)
#3 /myp/regionalCulture/vendor/monolog/monolog/src/Monolog/Logger.php(337): Monolog\Handler\AbstractProcessingHandler->handle(Array)
#4 /myp/regionalCulture/vendor/monolog/monolog/src/Monolog/Logger.php(546): Monolog\Logger->addRecord(200, '[REQUEST] GET r...', Array)
#5 /myp/regionalCulture/v...
PHP message: PHP Notice:  Undefined index: request in /myp/regionalCulture/vendor/pocteam/poc-framework/src/PocFramework/Utils/Timer.php on line 30
PHP message: PHP Fatal error:  Uncaught UnexpectedValueException: There is no existing directory at "/data/log/apps/regionalCulture" and its not buildable: Permission denied in /myp/regionalCulture/vendor/monolog/monolog/src/Monolog/Handler/StreamHandler.php:171
Stack trace:
#0 /myp/regionalCulture/vendor/monolog/monolog/src/Monolog/Handler/StreamHandler.php(97): Monolog\Handler\StreamHandler->createDir()
#1 /myp/regionalCulture/vendor/monolog/monolog/src/Monolog/Handler/RotatingFileHandler.php(107): Monolog\Handler\StreamHandler->write(Array)
#2 /myp/regionalCulture/vendor/monolog/monolog/src/Monolog/Handler/AbstractProcessingHandler.php(37): Monolog\Handler\RotatingFileHandler->write(Array)
#3 /myp/regionalCulture/vendor/monolog/monolog/src/Monolog/Logger.php(337): Monolog\Handler\AbstractProce
2020/03/03 18:01:07 [error] 4588#4588: *19 open() "/myp/regionalCulture/public/region/list_simples" failed (2: No such file or directory), client: 192.168.1.3, server: regional, request: "GET /region/list_simples?page=1 HTTP/1.1", host: "regional"
2020/03/03 18:01:17 [error] 4588#4588: *19 open() "/myp/regionalCulture/public/region/list_simples" failed (2: No such file or directory), client: 192.168.1.3, server: regional, request: "GET /region/list_simples?page=1 HTTP/1.1", host: "regional"
2020/03/03 18:01:19 [error] 4588#4588: *19 open() "/myp/regionalCulture/public/region/list_simples" failed (2: No such file or directory), client: 192.168.1.3, server: regional, request: "GET /region/list_simples?page=1 HTTP/1.1", host: "regional"
2020/03/03 18:02:12 [error] 4588#4588: *20 open() "/myp/regionalCulture/public/region/list_simples" failed (2: No such file or directory), client: 127.0.0.1, server: regional, request: "GET /region/list_simples HTTP/1.1", host: "regional"
2020/03/03 18:02:32 [error] 4588#4588: *20 open() "/myp/regionalCulture/public/region/list_simples" failed (2: No such file or directory), client: 127.0.0.1, server: regional, request: "GET /region/list_simples?page=1 HTTP/1.1", host: "regional"
2020/03/03 18:05:56 [error] 8460#8460: *1 FastCGI sent in stderr: "PHP message: Slim Application Error:
Type: UnexpectedValueException
Message: There is no existing directory at &quot;/data/log/apps/regionalCulture&quot; and its not buildable: Permission denied
File: /myp/regionalCulture/vendor/monolog/monolog/src/Monolog/Handler/StreamHandler.php
Line: 171
Trace: #0 /myp/regionalCulture/vendor/monolog/monolog/src/Monolog/Handler/StreamHandler.php(97): Monolog\Handler\StreamHandler->createDir()
#1 /myp/regionalCulture/vendor/monolog/monolog/src/Monolog/Handler/RotatingFileHandler.php(107): Monolog\Handler\StreamHandler->write(Array)
#2 /myp/regionalCulture/vendor/monolog/monolog/src/Monolog/Handler/AbstractProcessingHandler.php(37): Monolog\Handler\RotatingFileHandler->write(Array)
#3 /myp/regionalCulture/vendor/monolog/monolog/src/Monolog/Logger.php(337): Monolog\Handler\AbstractProcessingHandler->handle(Array)
#4 /myp/regionalCulture/vendor/monolog/monolog/src/Monolog/Logger.php(546): Monolog\Logger->addRecord(200, '[REQUEST] GET r...', Array)
#5 /myp/regionalCulture/v...
PHP message: PHP Notice:  Undefined index: request in /myp/regionalCulture/vendor/pocteam/poc-framework/src/PocFramework/Utils/Timer.php on line 30
PHP message: PHP Fatal error:  Uncaught UnexpectedValueException: There is no existing directory at "/data/log/apps/regionalCulture" and its not buildable: Permission denied in /myp/regionalCulture/vendor/monolog/monolog/src/Monolog/Handler/StreamHandler.php:171
Stack trace:
#0 /myp/regionalCulture/vendor/monolog/monolog/src/Monolog/Handler/StreamHandler.php(97): Monolog\Handler\StreamHandler->createDir()
#1 /myp/regionalCulture/vendor/monolog/monolog/src/Monolog/Handler/RotatingFileHandler.php(107): Monolog\Handler\StreamHandler->write(Array)
#2 /myp/regionalCulture/vendor/monolog/monolog/src/Monolog/Handler/AbstractProcessingHandler.php(37): Monolog\Handler\RotatingFileHandler->write(Array)
#3 /myp/regionalCulture/vendor/monolog/monolog/src/Monolog/Logger.php(337): Monolog\Handler\AbstractProces
2020/03/03 18:06:12 [error] 8460#8460: *1 FastCGI sent in stderr: "PHP message: Slim Application Error:
Type: UnexpectedValueException
Message: There is no existing directory at &quot;/data/log/apps/regionalCulture&quot; and its not buildable: Permission denied
File: /myp/regionalCulture/vendor/monolog/monolog/src/Monolog/Handler/StreamHandler.php
Line: 171
Trace: #0 /myp/regionalCulture/vendor/monolog/monolog/src/Monolog/Handler/StreamHandler.php(97): Monolog\Handler\StreamHandler->createDir()
#1 /myp/regionalCulture/vendor/monolog/monolog/src/Monolog/Handler/RotatingFileHandler.php(107): Monolog\Handler\StreamHandler->write(Array)
#2 /myp/regionalCulture/vendor/monolog/monolog/src/Monolog/Handler/AbstractProcessingHandler.php(37): Monolog\Handler\RotatingFileHandler->write(Array)
#3 /myp/regionalCulture/vendor/monolog/monolog/src/Monolog/Logger.php(337): Monolog\Handler\AbstractProcessingHandler->handle(Array)
#4 /myp/regionalCulture/vendor/monolog/monolog/src/Monolog/Logger.php(546): Monolog\Logger->addRecord(200, '[REQUEST] GET r...', Array)
#5 /myp/regionalCulture/v...
PHP message: PHP Notice:  Undefined index: request in /myp/regionalCulture/vendor/pocteam/poc-framework/src/PocFramework/Utils/Timer.php on line 30
PHP message: PHP Fatal error:  Uncaught UnexpectedValueException: There is no existing directory at "/data/log/apps/regionalCulture" and its not buildable: Permission denied in /myp/regionalCulture/vendor/monolog/monolog/src/Monolog/Handler/StreamHandler.php:171
Stack trace:
#0 /myp/regionalCulture/vendor/monolog/monolog/src/Monolog/Handler/StreamHandler.php(97): Monolog\Handler\StreamHandler->createDir()
#1 /myp/regionalCulture/vendor/monolog/monolog/src/Monolog/Handler/RotatingFileHandler.php(107): Monolog\Handler\StreamHandler->write(Array)
#2 /myp/regionalCulture/vendor/monolog/monolog/src/Monolog/Handler/AbstractProcessingHandler.php(37): Monolog\Handler\RotatingFileHandler->write(Array)
#3 /myp/regionalCulture/vendor/monolog/monolog/src/Monolog/Logger.php(337): Monolog\Handler\AbstractProces
2020/03/03 18:08:33 [error] 8460#8460: *6 FastCGI sent in stderr: "PHP message: Slim Application Error:
Type: UnexpectedValueException
Message: There is no existing directory at &quot;/data/log/apps/regionalCulture&quot; and its not buildable: Permission denied
File: /myp/regionalCulture/vendor/monolog/monolog/src/Monolog/Handler/StreamHandler.php
Line: 171
Trace: #0 /myp/regionalCulture/vendor/monolog/monolog/src/Monolog/Handler/StreamHandler.php(97): Monolog\Handler\StreamHandler->createDir()
#1 /myp/regionalCulture/vendor/monolog/monolog/src/Monolog/Handler/RotatingFileHandler.php(107): Monolog\Handler\StreamHandler->write(Array)
#2 /myp/regionalCulture/vendor/monolog/monolog/src/Monolog/Handler/AbstractProcessingHandler.php(37): Monolog\Handler\RotatingFileHandler->write(Array)
#3 /myp/regionalCulture/vendor/monolog/monolog/src/Monolog/Logger.php(337): Monolog\Handler\AbstractProcessingHandler->handle(Array)
#4 /myp/regionalCulture/vendor/monolog/monolog/src/Monolog/Logger.php(546): Monolog\Logger->addRecord(200, '[REQUEST] GET r...', Array)
#5 /myp/regionalCulture/v...
PHP message: PHP Notice:  Undefined index: request in /myp/regionalCulture/vendor/pocteam/poc-framework/src/PocFramework/Utils/Timer.php on line 30
PHP message: PHP Fatal error:  Uncaught UnexpectedValueException: There is no existing directory at "/data/log/apps/regionalCulture" and its not buildable: Permission denied in /myp/regionalCulture/vendor/monolog/monolog/src/Monolog/Handler/StreamHandler.php:171
Stack trace:
#0 /myp/regionalCulture/vendor/monolog/monolog/src/Monolog/Handler/StreamHandler.php(97): Monolog\Handler\StreamHandler->createDir()
#1 /myp/regionalCulture/vendor/monolog/monolog/src/Monolog/Handler/RotatingFileHandler.php(107): Monolog\Handler\StreamHandler->write(Array)
#2 /myp/regionalCulture/vendor/monolog/monolog/src/Monolog/Handler/AbstractProcessingHandler.php(37): Monolog\Handler\RotatingFileHandler->write(Array)
#3 /myp/regionalCulture/vendor/monolog/monolog/src/Monolog/Logger.php(337): Monolog\Handler\AbstractProces
2020/03/03 18:09:02 [error] 8460#8460: *6 FastCGI sent in stderr: "PHP message: Slim Application Error:
Type: UnexpectedValueException
Message: There is no existing directory at &quot;/data/log/apps/regionalCulture&quot; and its not buildable: Permission denied
File: /myp/regionalCulture/vendor/monolog/monolog/src/Monolog/Handler/StreamHandler.php
Line: 171
Trace: #0 /myp/regionalCulture/vendor/monolog/monolog/src/Monolog/Handler/StreamHandler.php(97): Monolog\Handler\StreamHandler->createDir()
#1 /myp/regionalCulture/vendor/monolog/monolog/src/Monolog/Handler/RotatingFileHandler.php(107): Monolog\Handler\StreamHandler->write(Array)
#2 /myp/regionalCulture/vendor/monolog/monolog/src/Monolog/Handler/AbstractProcessingHandler.php(37): Monolog\Handler\RotatingFileHandler->write(Array)
#3 /myp/regionalCulture/vendor/monolog/monolog/src/Monolog/Logger.php(337): Monolog\Handler\AbstractProcessingHandler->handle(Array)
#4 /myp/regionalCulture/vendor/monolog/monolog/src/Monolog/Logger.php(546): Monolog\Logger->addRecord(200, '[REQUEST] GET r...', Array)
#5 /myp/regionalCulture/v...
PHP message: PHP Notice:  Undefined index: request in /myp/regionalCulture/vendor/pocteam/poc-framework/src/PocFramework/Utils/Timer.php on line 30
PHP message: PHP Fatal error:  Uncaught UnexpectedValueException: There is no existing directory at "/data/log/apps/regionalCulture" and its not buildable: Permission denied in /myp/regionalCulture/vendor/monolog/monolog/src/Monolog/Handler/StreamHandler.php:171
Stack trace:
#0 /myp/regionalCulture/vendor/monolog/monolog/src/Monolog/Handler/StreamHandler.php(97): Monolog\Handler\StreamHandler->createDir()
#1 /myp/regionalCulture/vendor/monolog/monolog/src/Monolog/Handler/RotatingFileHandler.php(107): Monolog\Handler\StreamHandler->write(Array)
#2 /myp/regionalCulture/vendor/monolog/monolog/src/Monolog/Handler/AbstractProcessingHandler.php(37): Monolog\Handler\RotatingFileHandler->write(Array)
#3 /myp/regionalCulture/vendor/monolog/monolog/src/Monolog/Logger.php(337): Monolog\Handler\AbstractProces
2020/03/03 18:09:07 [error] 8460#8460: *6 FastCGI sent in stderr: "PHP message: Slim Application Error:
Type: UnexpectedValueException
Message: There is no existing directory at &quot;/data/log/apps/regionalCulture&quot; and its not buildable: Permission denied
File: /myp/regionalCulture/vendor/monolog/monolog/src/Monolog/Handler/StreamHandler.php
Line: 171
Trace: #0 /myp/regionalCulture/vendor/monolog/monolog/src/Monolog/Handler/StreamHandler.php(97): Monolog\Handler\StreamHandler->createDir()
#1 /myp/regionalCulture/vendor/monolog/monolog/src/Monolog/Handler/RotatingFileHandler.php(107): Monolog\Handler\StreamHandler->write(Array)
#2 /myp/regionalCulture/vendor/monolog/monolog/src/Monolog/Handler/AbstractProcessingHandler.php(37): Monolog\Handler\RotatingFileHandler->write(Array)
#3 /myp/regionalCulture/vendor/monolog/monolog/src/Monolog/Logger.php(337): Monolog\Handler\AbstractProcessingHandler->handle(Array)
#4 /myp/regionalCulture/vendor/monolog/monolog/src/Monolog/Logger.php(546): Monolog\Logger->addRecord(200, '[REQUEST] GET r...', Array)
#5 /myp/regionalCulture/v...
PHP message: PHP Notice:  Undefined index: request in /myp/regionalCulture/vendor/pocteam/poc-framework/src/PocFramework/Utils/Timer.php on line 30
PHP message: PHP Fatal error:  Uncaught UnexpectedValueException: There is no existing directory at "/data/log/apps/regionalCulture" and its not buildable: Permission denied in /myp/regionalCulture/vendor/monolog/monolog/src/Monolog/Handler/StreamHandler.php:171
Stack trace:
#0 /myp/regionalCulture/vendor/monolog/monolog/src/Monolog/Handler/StreamHandler.php(97): Monolog\Handler\StreamHandler->createDir()
#1 /myp/regionalCulture/vendor/monolog/monolog/src/Monolog/Handler/RotatingFileHandler.php(107): Monolog\Handler\StreamHandler->write(Array)
#2 /myp/regionalCulture/vendor/monolog/monolog/src/Monolog/Handler/AbstractProcessingHandler.php(37): Monolog\Handler\RotatingFileHandler->write(Array)
#3 /myp/regionalCulture/vendor/monolog/monolog/src/Monolog/Logger.php(337): Monolog\Handler\AbstractProces
2020/03/03 19:10:26 [error] 10701#10701: *9 FastCGI sent in stderr: "PHP message: PHP Notice:  Undefined index: ksc_lang in /myp/regionalCulture/vendor/pocteam/poc-framework/src/PocFramework/Utils/AcceptLanguage.php on line 25
PHP message: PHP Notice:  Undefined index: ksc_lang in /myp/regionalCulture/vendor/pocteam/poc-framework/src/PocFramework/Utils/AcceptLanguage.php on line 25" while reading response header from upstream, client: 127.0.0.1, server: http://myregionals.cn, request: "GET /region/list_simples?page=1 HTTP/1.1", upstream: "fastcgi://unix:/var/run/php/php7.0-fpm.sock:", host: "myregionals.cn"
2020/03/03 19:10:33 [error] 10701#10701: *22 FastCGI sent in stderr: "PHP message: PHP Notice:  Undefined index: ksc_lang in /myp/regionalCulture/vendor/pocteam/poc-framework/src/PocFramework/Utils/AcceptLanguage.php on line 25
PHP message: PHP Notice:  Undefined index: ksc_lang in /myp/regionalCulture/vendor/pocteam/poc-framework/src/PocFramework/Utils/AcceptLanguage.php on line 25" while reading response header from upstream, client: 127.0.0.1, server: http://myregionals.cn, request: "GET /region/list_simples?page=1 HTTP/1.1", upstream: "fastcgi://unix:/var/run/php/php7.0-fpm.sock:", host: "myregionals.cn", referrer: "http://localhost:3000/"
2020/03/03 19:10:54 [error] 10701#10701: *22 FastCGI sent in stderr: "PHP message: PHP Notice:  Undefined index: ksc_lang in /myp/regionalCulture/vendor/pocteam/poc-framework/src/PocFramework/Utils/AcceptLanguage.php on line 25
PHP message: PHP Notice:  Undefined index: ksc_lang in /myp/regionalCulture/vendor/pocteam/poc-framework/src/PocFramework/Utils/AcceptLanguage.php on line 25" while reading response header from upstream, client: 127.0.0.1, server: http://myregionals.cn, request: "GET /region/list_simples?page=1 HTTP/1.1", upstream: "fastcgi://unix:/var/run/php/php7.0-fpm.sock:", host: "myregionals.cn", referrer: "http://localhost:3000/"
2020/03/03 19:12:08 [error] 10701#10701: *25 FastCGI sent in stderr: "PHP message: PHP Notice:  Undefined index: ksc_lang in /myp/regionalCulture/vendor/pocteam/poc-framework/src/PocFramework/Utils/AcceptLanguage.php on line 25
PHP message: PHP Notice:  Undefined index: ksc_lang in /myp/regionalCulture/vendor/pocteam/poc-framework/src/PocFramework/Utils/AcceptLanguage.php on line 25" while reading response header from upstream, client: 127.0.0.1, server: http://myregionals.cn, request: "GET /region/list_simples?page=1 HTTP/1.1", upstream: "fastcgi://unix:/var/run/php/php7.0-fpm.sock:", host: "myregionals.cn", referrer: "http://localhost:3000/"
2020/03/03 19:14:08 [error] 10701#10701: *27 FastCGI sent in stderr: "PHP message: PHP Notice:  Undefined index: ksc_lang in /myp/regionalCulture/vendor/pocteam/poc-framework/src/PocFramework/Utils/AcceptLanguage.php on line 25" while reading response header from upstream, client: 127.0.0.1, server: http://myregionals.cn, request: "GET /region/list_simples?page=1 HTTP/1.1", upstream: "fastcgi://unix:/var/run/php/php7.0-fpm.sock:", host: "myregionals.cn", referrer: "http://localhost:3000/"
2020/03/03 19:14:17 [error] 10701#10701: *27 FastCGI sent in stderr: "PHP message: PHP Notice:  Undefined index: ksc_lang in /myp/regionalCulture/vendor/pocteam/poc-framework/src/PocFramework/Utils/AcceptLanguage.php on line 25" while reading response header from upstream, client: 127.0.0.1, server: http://myregionals.cn, request: "GET /region/list_simples?page=2 HTTP/1.1", upstream: "fastcgi://unix:/var/run/php/php7.0-fpm.sock:", host: "myregionals.cn", referrer: "http://localhost:3000/"
2020/03/03 19:15:17 [error] 10701#10701: *27 FastCGI sent in stderr: "PHP message: PHP Notice:  Undefined index: ksc_lang in /myp/regionalCulture/vendor/pocteam/poc-framework/src/PocFramework/Utils/AcceptLanguage.php on line 25" while reading response header from upstream, client: 127.0.0.1, server: http://myregionals.cn, request: "GET /region/list_simples?page=1 HTTP/1.1", upstream: "fastcgi://unix:/var/run/php/php7.0-fpm.sock:", host: "myregionals.cn", referrer: "http://localhost:3000/"
